###############################################################################
#                                                                             #
# IAR C/C++ Compiler V8.10.1.10194/W32 for 8051         20/Mar/2014  13:24:12 #
# Copyright 2004-2011 IAR Systems AB.                                         #
#                                                                             #
#    Core               =  plain                                              #
#    Code model         =  banked                                             #
#    Data model         =  large                                              #
#    Calling convention =  xdata reentrant                                    #
#    Constant location  =  data_rom                                           #
#    Dptr setup         =  1,16                                               #
#    Source file        =  C:\Documents and Settings\Administrator\×ÀÃæ\1\Tem #
#                          coZNP\Components\hal\target\CC2530ZNP\hal_spi.c    #
#    Command line       =  -f "C:\Documents and Settings\Administrator\×ÀÃæ\1 #
#                          \TemcoZNP\Projects\zstack\ZNP\CC253x\..\Source\znp #
#                          .cfg" (-DMAC_CFG_APP_PENDING_QUEUE=TRUE            #
#                          "-DZSTACK_DEVICE_BUILD=(DEVICE_BUILD_COORDINATOR   #
#                          | DEVICE_BUILD_ROUTER | DEVICE_BUILD_ENDDEVICE)"   #
#                          -DNWK_AUTO_POLL -DZNP_RUN_WDOG=FALSE -DZIGBEEPRO   #
#                          -DZIGBEE_FRAGMENTATION -DOSAL_CLOCK                #
#                          -DOSAL_SAPI=FALSE -DSAPI_CB_FUNC=FALSE -DNV_INIT   #
#                          -DNUM_DISC_ATTEMPTS=0) -f "C:\Documents and        #
#                          Settings\Administrator\×ÀÃæ\1\TemcoZNP\Projects\zs #
#                          tack\ZNP\CC253x\..\..\Tools\CC2530DB\f8wConfig.cfg #
#                          " (-DZIGBEEPRO -DSECURE=0 -DZG_SECURE_DYNAMIC=0    #
#                          -DREFLECTOR -DDEFAULT_CHANLIST=0x00001000          #
#                          -DZDAPP_CONFIG_PAN_ID=0xFFFF                       #
#                          -DNWK_START_DELAY=100 -DEXTENDED_JOINING_RANDOM_MA #
#                          SK=0x007F -DBEACON_REQUEST_DELAY=100               #
#                          -DBEACON_REQ_DELAY_MASK=0x00FF                     #
#                          -DLINK_STATUS_JITTER_MASK=0x007F                   #
#                          -DROUTE_EXPIRY_TIME=30 -DAPSC_ACK_WAIT_DURATION_PO #
#                          LLED=3000 -DNWK_INDIRECT_MSG_TIMEOUT=7             #
#                          -DMAX_RREQ_ENTRIES=8 -DAPSC_MAX_FRAME_RETRIES=3    #
#                          -DNWK_MAX_DATA_RETRIES=2                           #
#                          -DMAX_POLL_FAILURE_RETRIES=2 -DMAX_BCAST=9         #
#                          -DAPS_MAX_GROUPS=16 -DMAX_RTG_ENTRIES=40           #
#                          -DNWK_MAX_BINDING_ENTRIES=4                        #
#                          -DMAX_BINDING_CLUSTER_IDS=4 "-DDEFAULT_KEY={0x01,  #
#                          0x03, 0x05, 0x07, 0x09, 0x0B, 0x0D, 0x0F, 0x00,    #
#                          0x02, 0x04, 0x06, 0x08, 0x0A, 0x0C, 0x0D}"         #
#                          -DMAC_MAX_FRAME_SIZE=116                           #
#                          -DZDNWKMGR_MIN_TRANSMISSIONS=20 "-DCONST=const     #
#                          __code" -DGENERIC=__generic                        #
#                          -DRFD_RCVC_ALWAYS_ON=FALSE -DPOLL_RATE=1000        #
#                          -DQUEUED_POLL_RATE=100 -DRESPONSE_POLL_RATE=100    #
#                          -DREJOIN_POLL_RATE=440) -f "C:\Documents and       #
#                          Settings\Administrator\×ÀÃæ\1\TemcoZNP\Projects\zs #
#                          tack\ZNP\CC253x\..\..\Tools\CC2530DB\f8wZCL.cfg"   #
#                          "C:\Documents and Settings\Administrator\×ÀÃæ\1\Te #
#                          mcoZNP\Components\hal\target\CC2530ZNP\hal_spi.c"  #
#                          -D xPOWER_SAVING -D NV_RESTORE -lC "C:\Documents   #
#                          and Settings\Administrator\×ÀÃæ\1\TemcoZNP\Project #
#                          s\zstack\ZNP\CC253x\CC2530-Debug\List\" -lA        #
#                          "C:\Documents and Settings\Administrator\×ÀÃæ\1\Te #
#                          mcoZNP\Projects\zstack\ZNP\CC253x\CC2530-Debug\Lis #
#                          t\" --diag_suppress Pe001,Pa010 -o "C:\Documents   #
#                          and Settings\Administrator\×ÀÃæ\1\TemcoZNP\Project #
#                          s\zstack\ZNP\CC253x\CC2530-Debug\Obj\" -e          #
#                          --no_code_motion --debug --core=plain --dptr=16,1  #
#                          --data_model=large --code_model=banked             #
#                          --calling_convention=xdata_reentrant               #
#                          --place_constants=data_rom --nr_virtual_regs 16    #
#                          -I "C:\Documents and Settings\Administrator\×ÀÃæ\1 #
#                          \TemcoZNP\Projects\zstack\ZNP\CC253x\" -I          #
#                          "C:\Documents and Settings\Administrator\×ÀÃæ\1\Te #
#                          mcoZNP\Projects\zstack\ZNP\CC253x\Source\" -I      #
#                          "C:\Documents and Settings\Administrator\×ÀÃæ\1\Te #
#                          mcoZNP\Projects\zstack\ZNP\CC253x\..\Source\" -I   #
#                          "C:\Documents and Settings\Administrator\×ÀÃæ\1\Te #
#                          mcoZNP\Projects\zstack\ZNP\CC253x\..\..\SE\Source\ #
#                          " -I "C:\Documents and Settings\Administrator\×ÀÃæ #
#                          \1\TemcoZNP\Projects\zstack\ZNP\CC253x\..\..\ZMain #
#                          \TI2530ZNP\" -I "C:\Documents and                  #
#                          Settings\Administrator\×ÀÃæ\1\TemcoZNP\Projects\zs #
#                          tack\ZNP\CC253x\..\..\..\..\Components\hal\include #
#                          \" -I "C:\Documents and Settings\Administrator\×ÀÃ #
#                          æ\1\TemcoZNP\Projects\zstack\ZNP\CC253x\..\..\..\. #
#                          .\Components\hal\target\CC2530ZNP\" -I             #
#                          "C:\Documents and Settings\Administrator\×ÀÃæ\1\Te #
#                          mcoZNP\Projects\zstack\ZNP\CC253x\..\..\..\..\Comp #
#                          onents\mac\include\" -I "C:\Documents and          #
#                          Settings\Administrator\×ÀÃæ\1\TemcoZNP\Projects\zs #
#                          tack\ZNP\CC253x\..\..\..\..\Components\mac\high_le #
#                          vel\" -I "C:\Documents and                         #
#                          Settings\Administrator\×ÀÃæ\1\TemcoZNP\Projects\zs #
#                          tack\ZNP\CC253x\..\..\..\..\Components\mac\low_lev #
#                          el\srf04\" -I "C:\Documents and                    #
#                          Settings\Administrator\×ÀÃæ\1\TemcoZNP\Projects\zs #
#                          tack\ZNP\CC253x\..\..\..\..\Components\mac\low_lev #
#                          el\srf04\single_chip\" -I "C:\Documents and        #
#                          Settings\Administrator\×ÀÃæ\1\TemcoZNP\Projects\zs #
#                          tack\ZNP\CC253x\..\..\..\..\Components\mt\" -I     #
#                          "C:\Documents and Settings\Administrator\×ÀÃæ\1\Te #
#                          mcoZNP\Projects\zstack\ZNP\CC253x\..\..\..\..\Comp #
#                          onents\osal\include\" -I "C:\Documents and         #
#                          Settings\Administrator\×ÀÃæ\1\TemcoZNP\Projects\zs #
#                          tack\ZNP\CC253x\..\..\..\..\Components\services\sa #
#                          ddr\" -I "C:\Documents and                         #
#                          Settings\Administrator\×ÀÃæ\1\TemcoZNP\Projects\zs #
#                          tack\ZNP\CC253x\..\..\..\..\Components\services\sd #
#                          ata\" -I "C:\Documents and                         #
#                          Settings\Administrator\×ÀÃæ\1\TemcoZNP\Projects\zs #
#                          tack\ZNP\CC253x\..\..\..\..\Components\stack\af\"  #
#                          -I "C:\Documents and Settings\Administrator\×ÀÃæ\1 #
#                          \TemcoZNP\Projects\zstack\ZNP\CC253x\..\..\..\..\C #
#                          omponents\stack\nwk\" -I "C:\Documents and         #
#                          Settings\Administrator\×ÀÃæ\1\TemcoZNP\Projects\zs #
#                          tack\ZNP\CC253x\..\..\..\..\Components\stack\sapi\ #
#                          " -I "C:\Documents and Settings\Administrator\×ÀÃæ #
#                          \1\TemcoZNP\Projects\zstack\ZNP\CC253x\..\..\..\.. #
#                          \Components\stack\sec\" -I "C:\Documents and       #
#                          Settings\Administrator\×ÀÃæ\1\TemcoZNP\Projects\zs #
#                          tack\ZNP\CC253x\..\..\..\..\Components\stack\sys\" #
#                           -I "C:\Documents and Settings\Administrator\×ÀÃæ\ #
#                          1\TemcoZNP\Projects\zstack\ZNP\CC253x\..\..\..\..\ #
#                          Components\stack\zcl\" -I "C:\Documents and        #
#                          Settings\Administrator\×ÀÃæ\1\TemcoZNP\Projects\zs #
#                          tack\ZNP\CC253x\..\..\..\..\Components\stack\zdo\" #
#                           -I "C:\Documents and Settings\Administrator\×ÀÃæ\ #
#                          1\TemcoZNP\Projects\zstack\ZNP\CC253x\..\..\..\..\ #
#                          Components\zmac\" -I "C:\Documents and             #
#                          Settings\Administrator\×ÀÃæ\1\TemcoZNP\Projects\zs #
#                          tack\ZNP\CC253x\..\..\..\..\Components\zmac\f8w\"  #
#                          -Ohz --require_prototypes                          #
#    List file          =  C:\Documents and Settings\Administrator\×ÀÃæ\1\Tem #
#                          coZNP\Projects\zstack\ZNP\CC253x\CC2530-Debug\List #
#                          \hal_spi.lst                                       #
#    Object file        =  C:\Documents and Settings\Administrator\×ÀÃæ\1\Tem #
#                          coZNP\Projects\zstack\ZNP\CC253x\CC2530-Debug\Obj\ #
#                          hal_spi.r51                                        #
#                                                                             #
#                                                                             #
###############################################################################

C:\Documents and Settings\Administrator\×ÀÃæ\1\TemcoZNP\Components\hal\target\CC2530ZNP\hal_spi.c
      1          /**************************************************************************************************
      2            Filename:       hal_spi.c
      3            Revised:        $Date: 2010-08-10 19:12:51 -0700 (Tue, 10 Aug 2010) $
      4            Revision:       $Revision: 23375 $
      5          
      6            Description:    This file contains the interface to the HAL SPI.
      7          
      8          
      9            Copyright 2009 Texas Instruments Incorporated. All rights reserved.
     10          
     11            IMPORTANT: Your use of this Software is limited to those specific rights
     12            granted under the terms of a software license agreement between the user
     13            who downloaded the software, his/her employer (which must be your employer)
     14            and Texas Instruments Incorporated (the "License").  You may not use this
     15            Software unless you agree to abide by the terms of the License. The License
     16            limits your use, and you acknowledge, that the Software may not be modified,
     17            copied or distributed unless embedded on a Texas Instruments microcontroller
     18            or used solely and exclusively in conjunction with a Texas Instruments radio
     19            frequency transceiver, which is integrated into your product.  Other than for
     20            the foregoing purpose, you may not use, reproduce, copy, prepare derivative
     21            works of, modify, distribute, perform, display or sell this Software and/or
     22            its documentation for any purpose.
     23          
     24            YOU FURTHER ACKNOWLEDGE AND AGREE THAT THE SOFTWARE AND DOCUMENTATION ARE
     25            PROVIDED “AS IS?WITHOUT WARRANTY OF ANY KIND, EITHER EXPRESS OR IMPLIED,
     26            INCLUDING WITHOUT LIMITATION, ANY WARRANTY OF MERCHANTABILITY, TITLE,
     27            NON-INFRINGEMENT AND FITNESS FOR A PARTICULAR PURPOSE. IN NO EVENT SHALL
     28            TEXAS INSTRUMENTS OR ITS LICENSORS BE LIABLE OR OBLIGATED UNDER CONTRACT,
     29            NEGLIGENCE, STRICT LIABILITY, CONTRIBUTION, BREACH OF WARRANTY, OR OTHER
     30            LEGAL EQUITABLE THEORY ANY DIRECT OR INDIRECT DAMAGES OR EXPENSES
     31            INCLUDING BUT NOT LIMITED TO ANY INCIDENTAL, SPECIAL, INDIRECT, PUNITIVE
     32            OR CONSEQUENTIAL DAMAGES, LOST PROFITS OR LOST DATA, COST OF PROCUREMENT
     33            OF SUBSTITUTE GOODS, TECHNOLOGY, SERVICES, OR ANY CLAIMS BY THIRD PARTIES
     34            (INCLUDING BUT NOT LIMITED TO ANY DEFENSE THEREOF), OR OTHER SIMILAR COSTS.
     35          
     36            Should you have any questions regarding your right to use this Software,
     37            contact Texas Instruments Incorporated at www.TI.com.
     38          **************************************************************************************************/
     39          
     40          /**************************************************************************************************
     41           *                                           INCLUDES
     42           **************************************************************************************************/
     43          
     44          #include  "hal_mcu.h"
     45          #include  "hal_defs.h"
     46          #include  "hal_types.h"
     47          #include  "hal_spi.h"
     48          //#include  "znp_spi.h"
     49          
     50          #if (defined HAL_SPI) && (HAL_SPI == TRUE)
     51          /**************************************************************************************************
     52           *                                            CONSTANTS
     53           **************************************************************************************************/
     54          
     55          /**************************************************************************************************
     56           *                                              MACROS
     57           **************************************************************************************************/
     58          
     59          /**************************************************************************************************
     60           *                                            TYPEDEFS
     61           **************************************************************************************************/
     62          
     63          /**************************************************************************************************
     64           *                                         GLOBAL VARIABLES
     65           **************************************************************************************************/
     66          
     67          /**************************************************************************************************
     68           *                                          FUNCTIONS - API
     69           **************************************************************************************************/
     70          
     71          /**************************************************************************************************
     72           * @fn      HalSpiInit
     73           *
     74           * @brief   Initialize SPI Service
     75           *
     76           * @param   None
     77           *
     78           * @return  None
     79           **************************************************************************************************/
     80          void HalSpiInit(void)
     81          {
     82            npSpiInit();
     83          }
     84          
     85          /**************************************************************************************************
     86           * @fn      HalSpiPoll
     87           *
     88           * @brief   Poll the SPI.
     89           *
     90           * @param   None
     91           *
     92           * @return  None
     93           **************************************************************************************************/
     94          void HalSpiPoll(void)
     95          {
     96            npSpiMonitor();
     97          }
     98          
     99          /**************************************************************************************************
    100           * @fn      HalSpiRxIsr
    101           *
    102           * @brief   RxIsr for the SPI.
    103           *
    104           * @param   None
    105           *
    106           * @return  None
    107           **************************************************************************************************/
    108          void HalSpiRxIsr(void)
    109          {
    110            npSpiRxIsr();
    111          }
    112          
    113          /**************************************************************************************************
    114           * @fn      HalSpiTxIsr
    115           *
    116           * @brief   TxIsr for the SPI.
    117           *
    118           * @param   None
    119           *
    120           * @return  None
    121           **************************************************************************************************/
    122          void HalSpiTxIsr(void)
    123          {
    124            npSpiTxIsr();
    125          }
    126          #endif
    127          
    128          /**************************************************************************************************
    129          **************************************************************************************************/


 
 
 0 bytes of memory

Errors: none
Warnings: none
