###############################################################################
#                                                                             #
# IAR C/C++ Compiler V8.10.1.10194/W32 for 8051         24/Mar/2014  09:41:28 #
# Copyright 2004-2011 IAR Systems AB.                                         #
#                                                                             #
#    Core               =  plain                                              #
#    Code model         =  banked                                             #
#    Data model         =  large                                              #
#    Calling convention =  xdata reentrant                                    #
#    Constant location  =  data_rom                                           #
#    Dptr setup         =  1,16                                               #
#    Source file        =  C:\Documents and Settings\Administrator\×ÀÃæ\1\Tem #
#                          coZNP\Components\hal\target\CC2530ZNP\hal_sleep.c  #
#    Command line       =  -f "C:\Documents and Settings\Administrator\×ÀÃæ\1 #
#                          \TemcoZNP\Projects\zstack\ZNP\CC253x\..\Source\znp #
#                          .cfg" (-DMAC_CFG_APP_PENDING_QUEUE=TRUE            #
#                          "-DZSTACK_DEVICE_BUILD=(DEVICE_BUILD_COORDINATOR   #
#                          | DEVICE_BUILD_ROUTER | DEVICE_BUILD_ENDDEVICE)"   #
#                          -DNWK_AUTO_POLL -DZNP_RUN_WDOG=FALSE -DZIGBEEPRO   #
#                          -DZIGBEE_FRAGMENTATION -DOSAL_CLOCK                #
#                          -DOSAL_SAPI=FALSE -DSAPI_CB_FUNC=FALSE -DNV_INIT   #
#                          -DNUM_DISC_ATTEMPTS=0) -f "C:\Documents and        #
#                          Settings\Administrator\×ÀÃæ\1\TemcoZNP\Projects\zs #
#                          tack\ZNP\CC253x\..\..\Tools\CC2530DB\f8wConfig.cfg #
#                          " (-DZIGBEEPRO -DSECURE=0 -DZG_SECURE_DYNAMIC=0    #
#                          -DREFLECTOR -DDEFAULT_CHANLIST=0x00001000          #
#                          -DZDAPP_CONFIG_PAN_ID=0xFFFF                       #
#                          -DNWK_START_DELAY=100 -DEXTENDED_JOINING_RANDOM_MA #
#                          SK=0x007F -DBEACON_REQUEST_DELAY=100               #
#                          -DBEACON_REQ_DELAY_MASK=0x00FF                     #
#                          -DLINK_STATUS_JITTER_MASK=0x007F                   #
#                          -DROUTE_EXPIRY_TIME=30 -DAPSC_ACK_WAIT_DURATION_PO #
#                          LLED=3000 -DNWK_INDIRECT_MSG_TIMEOUT=7             #
#                          -DMAX_RREQ_ENTRIES=8 -DAPSC_MAX_FRAME_RETRIES=3    #
#                          -DNWK_MAX_DATA_RETRIES=2                           #
#                          -DMAX_POLL_FAILURE_RETRIES=2 -DMAX_BCAST=9         #
#                          -DAPS_MAX_GROUPS=16 -DMAX_RTG_ENTRIES=40           #
#                          -DNWK_MAX_BINDING_ENTRIES=4                        #
#                          -DMAX_BINDING_CLUSTER_IDS=4 "-DDEFAULT_KEY={0x01,  #
#                          0x03, 0x05, 0x07, 0x09, 0x0B, 0x0D, 0x0F, 0x00,    #
#                          0x02, 0x04, 0x06, 0x08, 0x0A, 0x0C, 0x0D}"         #
#                          -DMAC_MAX_FRAME_SIZE=116                           #
#                          -DZDNWKMGR_MIN_TRANSMISSIONS=20 "-DCONST=const     #
#                          __code" -DGENERIC=__generic                        #
#                          -DRFD_RCVC_ALWAYS_ON=FALSE -DPOLL_RATE=1000        #
#                          -DQUEUED_POLL_RATE=100 -DRESPONSE_POLL_RATE=100    #
#                          -DREJOIN_POLL_RATE=440) -f "C:\Documents and       #
#                          Settings\Administrator\×ÀÃæ\1\TemcoZNP\Projects\zs #
#                          tack\ZNP\CC253x\..\..\Tools\CC2530DB\f8wZCL.cfg"   #
#                          "C:\Documents and Settings\Administrator\×ÀÃæ\1\Te #
#                          mcoZNP\Components\hal\target\CC2530ZNP\hal_sleep.c #
#                          " -D xPOWER_SAVING -D NV_RESTORE -lC               #
#                          "C:\Documents and Settings\Administrator\×ÀÃæ\1\Te #
#                          mcoZNP\Projects\zstack\ZNP\CC253x\CC2530-Debug\Lis #
#                          t\" -lA "C:\Documents and                          #
#                          Settings\Administrator\×ÀÃæ\1\TemcoZNP\Projects\zs #
#                          tack\ZNP\CC253x\CC2530-Debug\List\"                #
#                          --diag_suppress Pe001,Pa010 -o "C:\Documents and   #
#                          Settings\Administrator\×ÀÃæ\1\TemcoZNP\Projects\zs #
#                          tack\ZNP\CC253x\CC2530-Debug\Obj\" -e              #
#                          --no_code_motion --debug --core=plain --dptr=16,1  #
#                          --data_model=large --code_model=banked             #
#                          --calling_convention=xdata_reentrant               #
#                          --place_constants=data_rom --nr_virtual_regs 16    #
#                          -I "C:\Documents and Settings\Administrator\×ÀÃæ\1 #
#                          \TemcoZNP\Projects\zstack\ZNP\CC253x\" -I          #
#                          "C:\Documents and Settings\Administrator\×ÀÃæ\1\Te #
#                          mcoZNP\Projects\zstack\ZNP\CC253x\Source\" -I      #
#                          "C:\Documents and Settings\Administrator\×ÀÃæ\1\Te #
#                          mcoZNP\Projects\zstack\ZNP\CC253x\..\Source\" -I   #
#                          "C:\Documents and Settings\Administrator\×ÀÃæ\1\Te #
#                          mcoZNP\Projects\zstack\ZNP\CC253x\..\..\SE\Source\ #
#                          " -I "C:\Documents and Settings\Administrator\×ÀÃæ #
#                          \1\TemcoZNP\Projects\zstack\ZNP\CC253x\..\..\ZMain #
#                          \TI2530ZNP\" -I "C:\Documents and                  #
#                          Settings\Administrator\×ÀÃæ\1\TemcoZNP\Projects\zs #
#                          tack\ZNP\CC253x\..\..\..\..\Components\hal\include #
#                          \" -I "C:\Documents and Settings\Administrator\×ÀÃ #
#                          æ\1\TemcoZNP\Projects\zstack\ZNP\CC253x\..\..\..\. #
#                          .\Components\hal\target\CC2530ZNP\" -I             #
#                          "C:\Documents and Settings\Administrator\×ÀÃæ\1\Te #
#                          mcoZNP\Projects\zstack\ZNP\CC253x\..\..\..\..\Comp #
#                          onents\mac\include\" -I "C:\Documents and          #
#                          Settings\Administrator\×ÀÃæ\1\TemcoZNP\Projects\zs #
#                          tack\ZNP\CC253x\..\..\..\..\Components\mac\high_le #
#                          vel\" -I "C:\Documents and                         #
#                          Settings\Administrator\×ÀÃæ\1\TemcoZNP\Projects\zs #
#                          tack\ZNP\CC253x\..\..\..\..\Components\mac\low_lev #
#                          el\srf04\" -I "C:\Documents and                    #
#                          Settings\Administrator\×ÀÃæ\1\TemcoZNP\Projects\zs #
#                          tack\ZNP\CC253x\..\..\..\..\Components\mac\low_lev #
#                          el\srf04\single_chip\" -I "C:\Documents and        #
#                          Settings\Administrator\×ÀÃæ\1\TemcoZNP\Projects\zs #
#                          tack\ZNP\CC253x\..\..\..\..\Components\mt\" -I     #
#                          "C:\Documents and Settings\Administrator\×ÀÃæ\1\Te #
#                          mcoZNP\Projects\zstack\ZNP\CC253x\..\..\..\..\Comp #
#                          onents\osal\include\" -I "C:\Documents and         #
#                          Settings\Administrator\×ÀÃæ\1\TemcoZNP\Projects\zs #
#                          tack\ZNP\CC253x\..\..\..\..\Components\services\sa #
#                          ddr\" -I "C:\Documents and                         #
#                          Settings\Administrator\×ÀÃæ\1\TemcoZNP\Projects\zs #
#                          tack\ZNP\CC253x\..\..\..\..\Components\services\sd #
#                          ata\" -I "C:\Documents and                         #
#                          Settings\Administrator\×ÀÃæ\1\TemcoZNP\Projects\zs #
#                          tack\ZNP\CC253x\..\..\..\..\Components\stack\af\"  #
#                          -I "C:\Documents and Settings\Administrator\×ÀÃæ\1 #
#                          \TemcoZNP\Projects\zstack\ZNP\CC253x\..\..\..\..\C #
#                          omponents\stack\nwk\" -I "C:\Documents and         #
#                          Settings\Administrator\×ÀÃæ\1\TemcoZNP\Projects\zs #
#                          tack\ZNP\CC253x\..\..\..\..\Components\stack\sapi\ #
#                          " -I "C:\Documents and Settings\Administrator\×ÀÃæ #
#                          \1\TemcoZNP\Projects\zstack\ZNP\CC253x\..\..\..\.. #
#                          \Components\stack\sec\" -I "C:\Documents and       #
#                          Settings\Administrator\×ÀÃæ\1\TemcoZNP\Projects\zs #
#                          tack\ZNP\CC253x\..\..\..\..\Components\stack\sys\" #
#                           -I "C:\Documents and Settings\Administrator\×ÀÃæ\ #
#                          1\TemcoZNP\Projects\zstack\ZNP\CC253x\..\..\..\..\ #
#                          Components\stack\zcl\" -I "C:\Documents and        #
#                          Settings\Administrator\×ÀÃæ\1\TemcoZNP\Projects\zs #
#                          tack\ZNP\CC253x\..\..\..\..\Components\stack\zdo\" #
#                           -I "C:\Documents and Settings\Administrator\×ÀÃæ\ #
#                          1\TemcoZNP\Projects\zstack\ZNP\CC253x\..\..\..\..\ #
#                          Components\zmac\" -I "C:\Documents and             #
#                          Settings\Administrator\×ÀÃæ\1\TemcoZNP\Projects\zs #
#                          tack\ZNP\CC253x\..\..\..\..\Components\zmac\f8w\"  #
#                          -Ohz --require_prototypes                          #
#    List file          =  C:\Documents and Settings\Administrator\×ÀÃæ\1\Tem #
#                          coZNP\Projects\zstack\ZNP\CC253x\CC2530-Debug\List #
#                          \hal_sleep.lst                                     #
#    Object file        =  C:\Documents and Settings\Administrator\×ÀÃæ\1\Tem #
#                          coZNP\Projects\zstack\ZNP\CC253x\CC2530-Debug\Obj\ #
#                          hal_sleep.r51                                      #
#                                                                             #
#                                                                             #
###############################################################################

C:\Documents and Settings\Administrator\×ÀÃæ\1\TemcoZNP\Components\hal\target\CC2530ZNP\hal_sleep.c
      1          /**************************************************************************************************
      2            Filename:       hal_sleep.c
      3            Revised:        $Date: 2012-03-07 11:55:12 -0800 (Wed, 07 Mar 2012) $
      4            Revision:       $Revision: 29664 $
      5          
      6            Description:    This module contains the HAL power management procedures for the CC2530.
      7          
      8          
      9            Copyright 2006-2012 Texas Instruments Incorporated. All rights reserved.
     10          
     11            IMPORTANT: Your use of this Software is limited to those specific rights
     12            granted under the terms of a software license agreement between the user
     13            who downloaded the software, his/her employer (which must be your employer)
     14            and Texas Instruments Incorporated (the "License"). You may not use this
     15            Software unless you agree to abide by the terms of the License. The License
     16            limits your use, and you acknowledge, that the Software may not be modified,
     17            copied or distributed unless embedded on a Texas Instruments microcontroller
     18            or used solely and exclusively in conjunction with a Texas Instruments radio
     19            frequency transceiver, which is integrated into your product. Other than for
     20            the foregoing purpose, you may not use, reproduce, copy, prepare derivative
     21            works of, modify, distribute, perform, display or sell this Software and/or
     22            its documentation for any purpose.
     23          
     24            YOU FURTHER ACKNOWLEDGE AND AGREE THAT THE SOFTWARE AND DOCUMENTATION ARE
     25            PROVIDED “AS IS” WITHOUT WARRANTY OF ANY KIND, EITHER EXPRESS OR IMPLIED,
     26            INCLUDING WITHOUT LIMITATION, ANY WARRANTY OF MERCHANTABILITY, TITLE,
     27            NON-INFRINGEMENT AND FITNESS FOR A PARTICULAR PURPOSE. IN NO EVENT SHALL
     28            TEXAS INSTRUMENTS OR ITS LICENSORS BE LIABLE OR OBLIGATED UNDER CONTRACT,
     29            NEGLIGENCE, STRICT LIABILITY, CONTRIBUTION, BREACH OF WARRANTY, OR OTHER
     30            LEGAL EQUITABLE THEORY ANY DIRECT OR INDIRECT DAMAGES OR EXPENSES
     31            INCLUDING BUT NOT LIMITED TO ANY INCIDENTAL, SPECIAL, INDIRECT, PUNITIVE
     32            OR CONSEQUENTIAL DAMAGES, LOST PROFITS OR LOST DATA, COST OF PROCUREMENT
     33            OF SUBSTITUTE GOODS, TECHNOLOGY, SERVICES, OR ANY CLAIMS BY THIRD PARTIES
     34            (INCLUDING BUT NOT LIMITED TO ANY DEFENSE THEREOF), OR OTHER SIMILAR COSTS.
     35          
     36            Should you have any questions regarding your right to use this Software,
     37            contact Texas Instruments Incorporated at www.TI.com.
     38          **************************************************************************************************/
     39          
     40          /* ------------------------------------------------------------------------------------------------
     41           *                                          Includes
     42           * ------------------------------------------------------------------------------------------------
     43           */
     44          #include "hal_types.h"
     45          #include "hal_mcu.h"

   \                                 In  segment SFR_AN, at 0x87
   \   unsigned char volatile __sfr PCON
   \                     PCON:
   \   000000                DS 1

   \                                 In  segment SFR_AN, at 0x95
   \   unsigned char volatile __sfr ST0
   \                     ST0:
   \   000000                DS 1

   \                                 In  segment SFR_AN, at 0x96
   \   unsigned char volatile __sfr ST1
   \                     ST1:
   \   000000                DS 1

   \                                 In  segment SFR_AN, at 0x97
   \   unsigned char volatile __sfr ST2
   \                     ST2:
   \   000000                DS 1

   \                                 In  segment SFR_AN, at 0x9a
   \   unsigned char volatile __sfr IEN2
   \                     IEN2:
   \   000000                DS 1

   \                                 In  segment SFR_AN, at 0xa8
   \   union <unnamed> volatile __sfr _A_IEN0
   \                     _A_IEN0:
   \   000000                DS 1

   \                                 In  segment SFR_AN, at 0xad
   \   unsigned char volatile __sfr STLOAD
   \                     STLOAD:
   \   000000                DS 1

   \                                 In  segment SFR_AN, at 0xb8
   \   union <unnamed> volatile __sfr _A_IEN1
   \                     _A_IEN1:
   \   000000                DS 1

   \                                 In  segment SFR_AN, at 0xbe
   \   unsigned char volatile __sfr SLEEPCMD
   \                     SLEEPCMD:
   \   000000                DS 1

   \                                 In  segment SFR_AN, at 0xc0
   \   union <unnamed> volatile __sfr _A_IRCON
   \                     _A_IRCON:
   \   000000                DS 1
     46          #include "hal_board.h"
     47          #include "hal_sleep.h"
     48          #include "hal_led.h"
     49          #include "hal_key.h"
     50          #include "mac_api.h"
     51          #include "OSAL.h"
     52          #include "OSAL_Timers.h"
     53          #include "OSAL_Tasks.h"
     54          #include "OSAL_PwrMgr.h"
     55          #include "OnBoard.h"
     56          #include "hal_drivers.h"
     57          #include "hal_assert.h"
     58          #include "mac_mcu.h"
     59          #include "ZGlobals.h"
     60          #include "hal_uart.h"
     61          
     62          #if !defined ZG_BUILD_ENDDEVICE_TYPE
     63          #define ZG_BUILD_ENDDEVICE_TYPE FALSE
     64          #endif
     65          
     66          #if ZG_BUILD_ENDDEVICE_TYPE && defined (NWK_AUTO_POLL)
     67          #include "nwk_globals.h"
     68          #include "ZGlobals.h"
     69          #endif
     70          
     71          /* ------------------------------------------------------------------------------------------------
     72           *                                           Macros
     73           * ------------------------------------------------------------------------------------------------
     74           */
     75          
     76          /* POWER CONSERVATION DEFINITIONS
     77           * Sleep mode H/W definitions (enabled with POWER_SAVING compile option)
     78           */
     79          #define CC2530_PM0            0  /* PM0, Clock oscillators on, voltage regulator on */
     80          #define CC2530_PM1            1  /* PM1, 32.768 kHz oscillators on, voltage regulator on */
     81          #define CC2530_PM2            2  /* PM2, 32.768 kHz oscillators on, voltage regulator off */
     82          #define CC2530_PM3            3  /* PM3, All clock oscillators off, voltage regulator off */
     83          
     84          /* HAL power management mode is set according to the power management state. The default
     85           * setting is HAL_SLEEP_OFF. The actual value is tailored to different HW platform. Both
     86           * HAL_SLEEP_TIMER and HAL_SLEEP_DEEP selections will:
     87           *   1. turn off the system clock, and
     88           *   2. halt the MCU.
     89           * HAL_SLEEP_TIMER can be woken up by sleep timer interrupt, I/O interrupt and reset.
     90           * HAL_SLEEP_DEEP can be woken up by I/O interrupt and reset.
     91           */
     92          #define HAL_SLEEP_OFF         CC2530_PM0
     93          #define HAL_SLEEP_TIMER       CC2530_PM2
     94          #define HAL_SLEEP_DEEP        CC2530_PM3
     95          
     96          /* MAX_SLEEP_TIME calculation:
     97           *   Sleep timer maximum duration = 0xFFFF7F / 32768 Hz = 511.996 seconds
     98           *   Round it to 510 seconds or 510000 ms
     99           */
    100          #define MAX_SLEEP_TIME                   510000             /* maximum time to sleep allowed by ST */
    101          #define TICKS_SUBTRACTED                 2
    102          
    103          /* minimum time to sleep, this macro is to:
    104           * 1. avoid thrashing in-and-out of sleep with short OSAL timer (~2ms)
    105           * 2. define minimum safe sleep period
    106           */
    107          #if !defined (PM_MIN_SLEEP_TIME)
    108          #define PM_MIN_SLEEP_TIME                14                 /* default to minimum safe sleep time minimum CAP */
    109          #endif
    110          
    111          /* The PCON instruction must be 4-byte aligned. The following code may cause excessive power
    112           * consumption if not aligned. See linker file ".xcl" for actual placement.
    113           */
    114          #pragma location = "SLEEP_CODE"
    115          void halSetSleepMode(void);
    116          
    117          /* This value is used to adjust the sleep timer compare value such that the sleep timer
    118           * compare takes into account the amount of processing time spent in function halSleep().
    119           * The first value is determined by measuring the number of sleep timer ticks it from
    120           * the beginning of the function to entering sleep mode or more precisely, when
    121           * MAC_PwrNextTimeout() is called.  The second value is determined by measuring the number
    122           * of sleep timer ticks from exit of sleep mode to the call to MAC_PwrOnReq() where the
    123           * MAC timer is restarted.
    124           */
    125          #define HAL_SLEEP_ADJ_TICKS   (11 + 12)
    126          
    127          #ifndef HAL_SLEEP_DEBUG_POWER_MODE
    128          /* set CC2530 power mode; always use PM2 */
    129          #define HAL_SLEEP_PREP_POWER_MODE(mode)     st( SLEEPCMD &= ~PMODE; /* clear mode bits */    \
    130                                                          SLEEPCMD |= mode;   /* set mode bits   */    \
    131                                                          while (!(STLOAD & LDRDY));                   \
    132                                                          halSleepPconValue = PCON_IDLE;               \
    133                                                        )
    134          #define HAL_SLEEP_SET_POWER_MODE()          halSetSleepMode()
    135          #else
    136          /* Debug: don't set power mode, just block until sleep timer interrupt */
    137          #define HAL_SLEEP_PREP_POWER_MODE(mode)     /* nothing */
    138          #define HAL_SLEEP_SET_POWER_MODE()          st( while(halSleepInt == FALSE); \
    139                                                          halSleepInt = FALSE;         \
    140                                                          HAL_DISABLE_INTERRUPTS();    \
    141                                                        )
    142          #endif
    143          
    144          /* sleep and external interrupt port masks */
    145          #define STIE_BV                             BV(5)
    146          #define P0IE_BV                             BV(5)
    147          #define P1IE_BV                             BV(4)
    148          #define P2IE_BV                             BV(1)
    149          
    150          /* sleep timer interrupt control */
    151          #define HAL_SLEEP_TIMER_ENABLE_INT()        st(IEN0 |= STIE_BV;)     /* enable sleep timer interrupt */
    152          #define HAL_SLEEP_TIMER_DISABLE_INT()       st(IEN0 &= ~STIE_BV;)    /* disable sleep timer interrupt */
    153          #define HAL_SLEEP_TIMER_CLEAR_INT()         st(STIF = 0;)            /* clear sleep interrupt flag */
    154          
    155          /* backup interrupt enable registers before sleep */
    156          #define HAL_SLEEP_IE_BACKUP_AND_DISABLE(ien0, ien1, ien2) st(ien0  = IEN0;    /* backup IEN0 register */ \
    157                                                                       ien1  = IEN1;    /* backup IEN1 register */ \
    158                                                                       ien2  = IEN2;    /* backup IEN2 register */ \
    159                                                                       IEN0 &= STIE_BV; /* disable IEN0 except STIE */ \
    160                                                                       IEN1 &= P0IE_BV; /* disable IEN1 except P0IE */ \
    161                                                                       IEN2 &= (P1IE_BV|P2IE_BV);) /* disable IEN2 except P1IE, P2IE */
    162          
    163          /* restore interrupt enable registers before sleep */
    164          #define HAL_SLEEP_IE_RESTORE(ien0, ien1, ien2) st(IEN0 = ien0;   /* restore IEN0 register */ \
    165                                                            IEN1 = ien1;   /* restore IEN1 register */ \
    166                                                            IEN2 = ien2;)  /* restore IEN2 register */
    167          
    168          /* convert msec to 320 usec units with round */
    169          #define HAL_SLEEP_MS_TO_320US(ms)           (((((uint32) (ms)) * 100) + 31) / 32)
    170          
    171          /* for optimized indexing of uint32's */
    172          #if HAL_MCU_LITTLE_ENDIAN()
    173          #define UINT32_NDX0   0
    174          #define UINT32_NDX1   1
    175          #define UINT32_NDX2   2
    176          #define UINT32_NDX3   3
    177          #else
    178          #define UINT32_NDX0   3
    179          #define UINT32_NDX1   2
    180          #define UINT32_NDX2   1
    181          #define UINT32_NDX3   0
    182          #endif
    183          

   \                                 In  segment XDATA_I, align 1, keep-with-next
    184          static uint32 maxSleepLoopTime =  HAL_SLEEP_MS_TO_320US(MAX_SLEEP_TIME);
   \                     maxSleepLoopTime:
   \   000000                DS 4
   \   000004                REQUIRE `?<Initializer for maxSleepLoopTime>`
   \   000004                REQUIRE __INIT_XDATA_I
    185          
    186          /* ------------------------------------------------------------------------------------------------
    187           *                                        Global Variables
    188           * ------------------------------------------------------------------------------------------------
    189           */
    190          /* PCON register value to program when setting power mode */

   \                                 In  segment DATA_I, align 1, keep-with-next
    191          volatile __data uint8 halSleepPconValue = PCON_IDLE;
   \                     halSleepPconValue:
   \   000000                DS 1
   \   000001                REQUIRE `?<Initializer for halSleepPconValue>`
   \   000001                REQUIRE __INIT_DATA_I
    192          
    193          /* ------------------------------------------------------------------------------------------------
    194           *                                        Local Variables
    195           * ------------------------------------------------------------------------------------------------
    196           */
    197          
    198          /* HAL power management mode is set according to the power management state.
    199           */

   \                                 In  segment XDATA_Z, align 1, keep-with-next
    200          static uint8 halPwrMgtMode = HAL_SLEEP_OFF;
   \                     halPwrMgtMode:
   \   000000                DS 1
   \   000001                REQUIRE __INIT_XDATA_Z
    201          
    202          #ifdef HAL_SLEEP_DEBUG_POWER_MODE
    203          static bool halSleepInt = FALSE;
    204          #endif
    205          
    206          /* ------------------------------------------------------------------------------------------------
    207           *                                      Function Prototypes
    208           * ------------------------------------------------------------------------------------------------
    209           */
    210          
    211          void halSleepSetTimer(uint32 timeout);
    212          
    213          /**************************************************************************************************
    214           * @fn          halSleep
    215           *
    216           * @brief       This function put the CC2530 to sleep. The PCON instruction must be 4-byte aligned.
    217           *              The following code may cause excessive power consumption if not aligned. See linker
    218           *              file ".xcl" for actual placement.
    219           *
    220           * input parameters
    221           *
    222           * @param       None.
    223           *
    224           * output parameters
    225           *
    226           * None.
    227           *
    228           * @return      None.
    229           **************************************************************************************************
    230           */

   \                                 In  segment SLEEP_CODE, align 1, keep-with-next
    231          void halSetSleepMode(void)
   \                     halSetSleepMode:
    232          {
   \   000000                ; Saved register size: 0
   \   000000                ; Auto size: 0
    233            PCON = halSleepPconValue;
   \   000000   85..87       MOV     0x87,halSleepPconValue
    234            asm("NOP");
   \   000003   00           NOP
    235          }
   \   000004   02....       LJMP    ?BRET
   \   000007                REQUIRE PCON
    236          
    237          /**************************************************************************************************
    238           * @fn          halSetMaxSleepLoopTime
    239           *
    240           * @brief       This function is to used to setup the maximum sleep loop time. This sleep loop time 
    241           *              should be lesser than T2 rollover so that a maximum of only one rollover occurs 
    242           *              when cc2530 is in sleep. This function should be called whenever rolloverTime is 
    243           *              changed using the function macBackoffTimerSetRollover(macTimerRollover);
    244           *
    245           * input parameters
    246           *
    247           * @param       rolloverTime.
    248           *
    249           * output parameters
    250           *
    251           * None.
    252           *
    253           * @return      None.
    254           **************************************************************************************************
    255           */

   \                                 In  segment BANKED_CODE, align 1, keep-with-next
    256          void halSetMaxSleepLoopTime(uint32 rolloverTime)
   \                     halSetMaxSleepLoopTime:
    257          {
   \   000000   74F4         MOV     A,#-0xc
   \   000002   12....       LCALL   ?BANKED_ENTER_XDATA
   \   000005                ; Saved register size: 12
   \   000005                ; Auto size: 0
   \   000005   8A..         MOV     ?V0 + 0,R2
   \   000007   8B..         MOV     ?V0 + 1,R3
   \   000009   8C..         MOV     ?V0 + 2,R4
   \   00000B   8D..         MOV     ?V0 + 3,R5
    258            if( rolloverTime > HAL_SLEEP_MS_TO_320US(MAX_SLEEP_TIME) )
    259            {
    260              maxSleepLoopTime = HAL_SLEEP_MS_TO_320US(MAX_SLEEP_TIME);
    261            }
    262            maxSleepLoopTime = (rolloverTime - TICKS_SUBTRACTED);
   \   00000D   90....       MOV     DPTR,#__Constant_fffffffe
   \   000010   78..         MOV     R0,#?V0 + 0
   \   000012   12....       LCALL   ?L_ADD_X
   \   000015   90....       MOV     DPTR,#maxSleepLoopTime
   \   000018   78..         MOV     R0,#?V0 + 0
   \   00001A   12....       LCALL   ?L_MOV_TO_X
    263          }
   \   00001D   7F04         MOV     R7,#0x4
   \   00001F   02....       LJMP    ?BANKED_LEAVE_XDATA
    264          
    265          /**************************************************************************************************
    266           * @fn          halSleep
    267           *
    268           * @brief       This function is called from the OSAL task loop using and existing OSAL
    269           *              interface.  It sets the low power mode of the MAC and the CC2530.
    270           *
    271           * input parameters
    272           *
    273           * @param       osal_timeout - Next OSAL timer timeout.
    274           *
    275           * output parameters
    276           *
    277           * None.
    278           *
    279           * @return      None.
    280           **************************************************************************************************
    281           */

   \                                 In  segment BANKED_CODE, align 1, keep-with-next
    282          void halSleep( uint16 osal_timeout )
   \                     halSleep:
    283          {
   \   000000   74F0         MOV     A,#-0x10
   \   000002   12....       LCALL   ?BANKED_ENTER_XDATA
   \   000005                ; Saved register size: 16
   \   000005                ; Auto size: 0
    284            uint32        timeout;
    285            uint32        macTimeout = 0;
    286          
    287            /* get next OSAL timer expiration converted to 320 usec units */
    288            timeout = HAL_SLEEP_MS_TO_320US(osal_timeout);
   \   000005   8A..         MOV     ?V0 + 0,R2
   \   000007   8B..         MOV     ?V0 + 1,R3
   \   000009   E4           CLR     A
   \   00000A   F5..         MOV     ?V0 + 2,A
   \   00000C   F5..         MOV     ?V0 + 3,A
   \   00000E   90....       MOV     DPTR,#__Constant_64
   \   000011   78..         MOV     R0,#?V0 + 4
   \   000013   12....       LCALL   ?L_MOV_X
   \   000016   78..         MOV     R0,#?V0 + 0
   \   000018   79..         MOV     R1,#?V0 + 4
   \   00001A   12....       LCALL   ?L_MUL
   \   00001D   90....       MOV     DPTR,#__Constant_1f
   \   000020   78..         MOV     R0,#?V0 + 0
   \   000022   12....       LCALL   ?L_ADD_X
   \   000025   7405         MOV     A,#0x5
   \   000027   78..         MOV     R0,#?V0 + 0
   \   000029   12....       LCALL   ?UL_SHR
    289            if (timeout == 0)
   \   00002C   12....       LCALL   ?Subroutine1 & 0xFFFF
   \                     ??CrossCallReturnLabel_1:
   \   00002F   7019         JNZ     ??halSleep_0
    290            {
    291              timeout = MAC_PwrNextTimeout();
   \   000031                ; Setup parameters for call to function MAC_PwrNextTimeout
   \   000031   12....       LCALL   ??MAC_PwrNextTimeout?relay
   \   000034   8A..         MOV     ?V0 + 0,R2
   \   000036   8B..         MOV     ?V0 + 1,R3
   \   000038   8C..         MOV     ?V0 + 2,R4
   \   00003A   8D..         MOV     ?V0 + 3,R5
    292            }
    293            else
    294            {
    295              /* get next MAC timer expiration */
    296              macTimeout = MAC_PwrNextTimeout();
    297          
    298              /* get lesser of two timeouts */
    299              if ((macTimeout != 0) && (macTimeout < timeout))
    300              {
    301                timeout = macTimeout;
    302              }
    303            }
    304          
    305            /* HAL_SLEEP_PM2 is entered only if the timeout is zero and
    306             * the device is a stimulated device.
    307             */
    308            halPwrMgtMode = (timeout == 0) ? HAL_SLEEP_DEEP : HAL_SLEEP_TIMER;
   \   00003C   EA           MOV     A,R2
   \   00003D   12....       LCALL   ??Subroutine2_0 & 0xFFFF
   \                     ??CrossCallReturnLabel_0:
   \   000040   702D         JNZ     ??halSleep_1
   \   000042   90....       MOV     DPTR,#halPwrMgtMode
   \   000045   7403         MOV     A,#0x3
   \   000047   F0           MOVX    @DPTR,A
   \   000048   803D         SJMP    ??halSleep_2
   \                     ??halSleep_0:
   \   00004A                ; Setup parameters for call to function MAC_PwrNextTimeout
   \   00004A   12....       LCALL   ??MAC_PwrNextTimeout?relay
   \   00004D   8A..         MOV     ?V0 + 4,R2
   \   00004F   8B..         MOV     ?V0 + 5,R3
   \   000051   8C..         MOV     ?V0 + 6,R4
   \   000053   8D..         MOV     ?V0 + 7,R5
   \   000055   EA           MOV     A,R2
   \   000056   45..         ORL     A,?V0 + 5
   \   000058   45..         ORL     A,?V0 + 6
   \   00005A   45..         ORL     A,?V0 + 7
   \   00005C   6011         JZ      ??halSleep_1
   \   00005E   78..         MOV     R0,#?V0 + 0
   \   000060   79..         MOV     R1,#?V0 + 4
   \   000062   12....       LCALL   ?UL_GT
   \   000065   5008         JNC     ??halSleep_1
   \   000067   8A..         MOV     ?V0 + 0,R2
   \   000069   8B..         MOV     ?V0 + 1,R3
   \   00006B   8C..         MOV     ?V0 + 2,R4
   \   00006D   8D..         MOV     ?V0 + 3,R5
   \                     ??halSleep_1:
   \   00006F   90....       MOV     DPTR,#halPwrMgtMode
   \   000072   7402         MOV     A,#0x2
   \   000074   F0           MOVX    @DPTR,A
    309          
    310            /* DEEP sleep can only be entered when zgPollRate == 0.
    311             * This is to eliminate any possibility of entering PM3 between
    312             * two network timers.
    313             */
    314          #if ZG_BUILD_ENDDEVICE_TYPE && defined (NWK_AUTO_POLL)
    315            if ((timeout > HAL_SLEEP_MS_TO_320US(PM_MIN_SLEEP_TIME)) ||
    316                (timeout == 0 && zgPollRate == 0))
   \   000075   90....       MOV     DPTR,#__Constant_2d
   \   000078   78..         MOV     R0,#?V0 + 0
   \   00007A   12....       LCALL   ?UL_GE_X
   \   00007D   4017         JC      ??halSleep_3
   \   00007F   12....       LCALL   ?Subroutine1 & 0xFFFF
   \                     ??CrossCallReturnLabel_2:
   \   000082   6003         JZ      $+5
   \   000084   02....       LJMP    ??halSleep_4 & 0xFFFF
   \                     ??halSleep_2:
   \   000087   90....       MOV     DPTR,#zgPollRate
   \   00008A   E0           MOVX    A,@DPTR
   \   00008B   F8           MOV     R0,A
   \   00008C   A3           INC     DPTR
   \   00008D   E0           MOVX    A,@DPTR
   \   00008E   F9           MOV     R1,A
   \   00008F   E8           MOV     A,R0
   \   000090   49           ORL     A,R1
   \   000091   6003         JZ      $+5
   \   000093   02....       LJMP    ??halSleep_4 & 0xFFFF
    317          #else
    318            if ((timeout > HAL_SLEEP_MS_TO_320US(PM_MIN_SLEEP_TIME)) ||
    319                (timeout == 0))
    320          #endif
    321            {
    322              halIntState_t ien0, ien1, ien2;
    323          
    324              HAL_ASSERT(HAL_INTERRUPTS_ARE_ENABLED());
   \                     ??halSleep_3:
   \   000096   A2AF         MOV     C,0xa8.7
   \   000098   4003         JC      ??halSleep_5
   \   00009A                ; Setup parameters for call to function halAssertHandler
   \   00009A   12....       LCALL   ??halAssertHandler?relay
    325              HAL_DISABLE_INTERRUPTS();
   \                     ??halSleep_5:
   \   00009D   C2AF         CLR     0xa8.7
    326          
    327              /* always use "deep sleep" to turn off radio VREG on CC2530 */
    328              if (halSleepPconValue != 0 && MAC_PwrOffReq(MAC_PWR_SLEEP_DEEP) == MAC_SUCCESS)
   \   00009F   E5..         MOV     A,halSleepPconValue
   \   0000A1   7003         JNZ     $+5
   \   0000A3   02....       LJMP    ??halSleep_6 & 0xFFFF
   \   0000A6                ; Setup parameters for call to function MAC_PwrOffReq
   \   0000A6   7902         MOV     R1,#0x2
   \   0000A8   12....       LCALL   ??MAC_PwrOffReq?relay
   \   0000AB   E9           MOV     A,R1
   \   0000AC   6003         JZ      $+5
   \   0000AE   02....       LJMP    ??halSleep_6 & 0xFFFF
    329              {
    330                /* The PCON value is not zero. There is no interrupt overriding the 
    331                 * sleep decision. Also, the radio granted the sleep request.
    332                 */
    333          
    334          #if ((defined HAL_KEY) && (HAL_KEY == TRUE))
    335                /* get peripherals ready for sleep */
    336                HalKeyEnterSleep();
    337          #endif
    338          
    339          #ifdef HAL_SLEEP_DEBUG_LED
    340                HAL_TURN_OFF_LED3();
    341          #else
    342                /* use this to turn LEDs off during sleep */
    343                HalLedEnterSleep();
   \   0000B1                ; Setup parameters for call to function HalLedEnterSleep
   \   0000B1   12....       LCALL   ??HalLedEnterSleep?relay
    344          #endif
    345          
    346                if(timeout > maxSleepLoopTime)
   \   0000B4   90....       MOV     DPTR,#maxSleepLoopTime
   \   0000B7   78..         MOV     R0,#?V0 + 0
   \   0000B9   12....       LCALL   ?UL_GT_X
   \   0000BC   5008         JNC     ??halSleep_7
    347                {
    348                  timeout = maxSleepLoopTime;
   \   0000BE   90....       MOV     DPTR,#maxSleepLoopTime
   \   0000C1   78..         MOV     R0,#?V0 + 0
   \   0000C3   12....       LCALL   ?L_MOV_X
    349                }  
    350          
    351                /* enable sleep timer interrupt */
    352                if (timeout != 0)
   \                     ??halSleep_7:
   \   0000C6   12....       LCALL   ?Subroutine1 & 0xFFFF
   \                     ??CrossCallReturnLabel_3:
   \   0000C9   6021         JZ      ??halSleep_8
    353                {
    354                  if (timeout > HAL_SLEEP_MS_TO_320US( MAX_SLEEP_TIME ))
   \   0000CB   90....       MOV     DPTR,#__Constant_185197
   \   0000CE   78..         MOV     R0,#?V0 + 0
   \   0000D0   12....       LCALL   ?UL_GE_X
   \   0000D3   5008         JNC     ??halSleep_9
    355                  {
    356                    timeout -= HAL_SLEEP_MS_TO_320US( MAX_SLEEP_TIME );
    357                    halSleepSetTimer(HAL_SLEEP_MS_TO_320US( MAX_SLEEP_TIME ));
   \   0000D5                ; Setup parameters for call to function halSleepSetTimer
   \   0000D5   90....       MOV     DPTR,#__Constant_185196
   \   0000D8   12....       LCALL   ?XLOAD_R2345
   \   0000DB   8008         SJMP    ??halSleep_10
    358                  }
    359                  else
    360                  {
    361                    /* set sleep timer */
    362                    halSleepSetTimer(timeout);
   \                     ??halSleep_9:
   \   0000DD                ; Setup parameters for call to function halSleepSetTimer
   \   0000DD   AA..         MOV     R2,?V0 + 0
   \   0000DF   AB..         MOV     R3,?V0 + 1
   \   0000E1   AC..         MOV     R4,?V0 + 2
   \   0000E3   AD..         MOV     R5,?V0 + 3
   \                     ??halSleep_10:
   \   0000E5   12....       LCALL   ??halSleepSetTimer?relay
    363                  }
    364          
    365                  /* set up sleep timer interrupt */
    366                  HAL_SLEEP_TIMER_CLEAR_INT();
   \   0000E8   C2C7         CLR     0xc0.7
    367                  HAL_SLEEP_TIMER_ENABLE_INT();
   \   0000EA   D2AD         SETB    0xa8.5
    368                }
    369          
    370          #ifdef HAL_SLEEP_DEBUG_LED
    371                if (halPwrMgtMode == CC2530_PM1)
    372                {
    373                  HAL_TURN_ON_LED1();
    374                }
    375                else
    376                {
    377                  HAL_TURN_OFF_LED1();
    378                }
    379          #endif
    380          
    381                if (ZNP_CFG1_UART == znpCfg1)
   \                     ??halSleep_8:
   \   0000EC   90....       MOV     DPTR,#znpCfg1
   \   0000EF   E0           MOVX    A,@DPTR
   \   0000F0   7003         JNZ     ??halSleep_11
    382                {
    383                  HalUARTSuspend();
   \   0000F2                ; Setup parameters for call to function HalUARTSuspend
   \   0000F2   12....       LCALL   ??HalUARTSuspend?relay
    384                }
    385          
    386                /* Prep CC2530 power mode */
    387                HAL_SLEEP_PREP_POWER_MODE(halPwrMgtMode);
   \                     ??halSleep_11:
   \   0000F5   53BEFC       ANL     0xbe,#0xfc
   \   0000F8   90....       MOV     DPTR,#halPwrMgtMode
   \   0000FB   E0           MOVX    A,@DPTR
   \   0000FC   42BE         ORL     0xbe,A
   \                     ??halSleep_12:
   \   0000FE   E5AD         MOV     A,0xad
   \   000100   A2E0         MOV     C,0xE0 /* A   */.0
   \   000102   50FA         JNC     ??halSleep_12
   \   000104   75..01       MOV     halSleepPconValue,#0x1
    388          
    389                /* save interrupt enable registers and disable all interrupts */
    390                HAL_SLEEP_IE_BACKUP_AND_DISABLE(ien0, ien1, ien2);
   \   000107   E5A8         MOV     A,0xa8
   \   000109   FE           MOV     R6,A
   \   00010A   E5B8         MOV     A,0xb8
   \   00010C   FF           MOV     R7,A
   \   00010D   E59A         MOV     A,0x9a
   \   00010F   F5..         MOV     ?V0 + 0,A
   \   000111   53A820       ANL     0xa8,#0x20
   \   000114   53B820       ANL     0xb8,#0x20
   \   000117   539A12       ANL     0x9a,#0x12
    391                HAL_ENABLE_INTERRUPTS();
   \   00011A   D2AF         SETB    0xa8.7
    392          
    393                /* set CC2530 power mode, interrupt is disabled after this function
    394                 * Note that an ISR (that could wake up from power mode) which runs
    395                 * between the previous instruction enabling interrupts and before
    396                 * power mode is set would switch the halSleepPconValue so that
    397                 * power mode shall not be entered in such a case. 
    398                 */
    399                HAL_SLEEP_SET_POWER_MODE();
   \   00011C                ; Setup parameters for call to function halSetSleepMode
   \   00011C   12....       LCALL   ??halSetSleepMode?relay
    400          
    401                /* Disable interrupt immediately */
    402                HAL_DISABLE_INTERRUPTS();
   \   00011F   C2AF         CLR     0xa8.7
    403          
    404                /* restore interrupt enable registers */
    405                HAL_SLEEP_IE_RESTORE(ien0, ien1, ien2);
   \   000121   8EA8         MOV     0xa8,R6
   \   000123   8FB8         MOV     0xb8,R7
   \   000125   85..9A       MOV     0x9a,?V0 + 0
    406          
    407                /* disable sleep timer interrupt */
    408                HAL_SLEEP_TIMER_DISABLE_INT();
   \   000128   C2AD         CLR     0xa8.5
    409          
    410                if (ZNP_CFG1_UART == znpCfg1)
   \   00012A   90....       MOV     DPTR,#znpCfg1
   \   00012D   E0           MOVX    A,@DPTR
   \   00012E   7003         JNZ     ??halSleep_13
    411                {
    412                  HalUARTResume();
   \   000130                ; Setup parameters for call to function HalUARTResume
   \   000130   12....       LCALL   ??HalUARTResume?relay
    413                }
    414          
    415          #ifdef HAL_SLEEP_DEBUG_LED
    416                HAL_TURN_ON_LED3();
    417          #else
    418                /* use this to turn LEDs back on after sleep */
    419                HalLedExitSleep();
   \                     ??halSleep_13:
   \   000133                ; Setup parameters for call to function HalLedExitSleep
   \   000133   12....       LCALL   ??HalLedExitSleep?relay
    420          #endif
    421          
    422          #if ((defined HAL_KEY) && (HAL_KEY == TRUE))
    423                /* handle peripherals */
    424                (void)HalKeyExitSleep();
    425          #endif
    426          
    427                /* power on the MAC; blocks until completion */
    428                MAC_PwrOnReq();
   \   000136                ; Setup parameters for call to function MAC_PwrOnReq
   \   000136   12....       LCALL   ??MAC_PwrOnReq?relay
    429          
    430                HAL_ENABLE_INTERRUPTS();
   \   000139   D2AF         SETB    0xa8.7
    431          
    432                /* For CC2530, T2 interrupt won’t be generated when the current count is greater than
    433                 * the comparator. The interrupt is only generated when the current count is equal to
    434                 * the comparator. When the CC2530 is waking up from sleep, there is a small window
    435                 * that the count may be grater than the comparator, therefore, missing the interrupt.
    436                 * This workaround will call the T2 ISR when the current T2 count is greater than the
    437                 * comparator. The problem only occurs when POWER_SAVING is turned on, i.e. the 32KHz
    438                 * drives the chip in sleep and SYNC start is used.
    439                 */
    440                macMcuTimer2OverflowWorkaround();
   \   00013B                ; Setup parameters for call to function macMcuTimer2OverflowWorkaround
   \   00013B   12....       LCALL   ??macMcuTimer2OverflowWorkaround?relay
   \   00013E   8002         SJMP    ??halSleep_4
    441              }
    442              else
    443              {
    444                /* An interrupt may have changed the sleep decision. Do not sleep at all. Turn on
    445                 * the interrupt, exit normally, and the next sleep will be allowed.
    446                 */
    447                HAL_ENABLE_INTERRUPTS();
   \                     ??halSleep_6:
   \   000140   D2AF         SETB    0xa8.7
    448              }
    449            }
    450          }
   \                     ??halSleep_4:
   \   000142                REQUIRE ?Subroutine0
   \   000142                REQUIRE _A_IEN0
   \   000142                REQUIRE _A_IRCON
   \   000142                REQUIRE SLEEPCMD
   \   000142                REQUIRE STLOAD
   \   000142                REQUIRE _A_IEN1
   \   000142                REQUIRE IEN2
   \   000142                ; // Fall through to label ?Subroutine0

   \                                 In  segment BANKED_CODE, align 1, keep-with-next
   \                     ?Subroutine0:
   \   000000   7F08         MOV     R7,#0x8
   \   000002   02....       LJMP    ?BANKED_LEAVE_XDATA

   \                                 In  segment BANKED_CODE, align 1, keep-with-next
   \                     ?Subroutine1:
   \   000000   E5..         MOV     A,?V0 + 0
   \   000002                REQUIRE ??Subroutine2_0
   \   000002                ; // Fall through to label ??Subroutine2_0

   \                                 In  segment BANKED_CODE, align 1, keep-with-next
   \                     ??Subroutine2_0:
   \   000000   45..         ORL     A,?V0 + 1
   \   000002   45..         ORL     A,?V0 + 2
   \   000004   45..         ORL     A,?V0 + 3
   \   000006   22           RET
    451          
    452          /**************************************************************************************************
    453           * @fn          halSleepSetTimer
    454           *
    455           * @brief       This function sets the CC2530 sleep timer compare value.  First it reads and
    456           *              stores the value of the sleep timer; this value is used later to update OSAL
    457           *              timers.  Then the timeout value is converted from 320 usec units to 32 kHz
    458           *              period units and the compare value is set to the timeout.
    459           *
    460           * input parameters
    461           *
    462           * @param       timeout - Timeout value in 320 usec units.  The sleep timer compare is set to
    463           *                        this value.
    464           *
    465           * output parameters
    466           *
    467           * None.
    468           *
    469           * @return      None.
    470           **************************************************************************************************
    471           */

   \                                 In  segment BANKED_CODE, align 1, keep-with-next
    472          void halSleepSetTimer(uint32 timeout)
   \                     halSleepSetTimer:
    473          {
   \   000000   74F0         MOV     A,#-0x10
   \   000002   12....       LCALL   ?BANKED_ENTER_XDATA
   \   000005                ; Saved register size: 16
   \   000005                ; Auto size: 4
   \   000005   74FC         MOV     A,#-0x4
   \   000007   12....       LCALL   ?ALLOC_XSTACK8
   \   00000A   8A..         MOV     ?V0 + 0,R2
   \   00000C   8B..         MOV     ?V0 + 1,R3
   \   00000E   8C..         MOV     ?V0 + 2,R4
   \   000010   8D..         MOV     ?V0 + 3,R5
    474            uint32 ticks;
    475          
    476            /* read the sleep timer; ST0 must be read first */
    477            ((uint8 *) &ticks)[UINT32_NDX0] = ST0;
   \   000012   E595         MOV     A,0x95
   \   000014   85..82       MOV     DPL,?XSP + 0
   \   000017   85..83       MOV     DPH,?XSP + 1
   \   00001A   F0           MOVX    @DPTR,A
    478            ((uint8 *) &ticks)[UINT32_NDX1] = ST1;
   \   00001B   E596         MOV     A,0x96
   \   00001D   C0E0         PUSH    A
   \   00001F   7401         MOV     A,#0x1
   \   000021   12....       LCALL   ?XSTACK_DISP0_8
   \   000024   D0E0         POP     A
   \   000026   F0           MOVX    @DPTR,A
    479            ((uint8 *) &ticks)[UINT32_NDX2] = ST2;
   \   000027   E597         MOV     A,0x97
   \   000029   C0E0         PUSH    A
   \   00002B   7402         MOV     A,#0x2
   \   00002D   12....       LCALL   ?XSTACK_DISP0_8
   \   000030   D0E0         POP     A
   \   000032   F0           MOVX    @DPTR,A
    480            ((uint8 *) &ticks)[UINT32_NDX3] = 0;
   \   000033   7403         MOV     A,#0x3
   \   000035   12....       LCALL   ?XSTACK_DISP0_8
   \   000038   E4           CLR     A
   \   000039   F0           MOVX    @DPTR,A
    481          
    482            /* Compute sleep timer compare value.  The ratio of 32 kHz ticks to 320 usec ticks
    483             * is 32768/3125 = 10.48576.  This is nearly 671/64 = 10.484375.
    484             */
    485            ticks += (timeout * 671) / 64;
    486          
    487            /* subtract the processing time spent in function halSleep() */
    488            ticks -= HAL_SLEEP_ADJ_TICKS;
   \   00003A   90....       MOV     DPTR,#__Constant_29f
   \   00003D   78..         MOV     R0,#?V0 + 4
   \   00003F   12....       LCALL   ?L_MOV_X
   \   000042   78..         MOV     R0,#?V0 + 0
   \   000044   79..         MOV     R1,#?V0 + 4
   \   000046   12....       LCALL   ?L_MUL
   \   000049   7406         MOV     A,#0x6
   \   00004B   78..         MOV     R0,#?V0 + 0
   \   00004D   12....       LCALL   ?UL_SHR
   \   000050   90....       MOV     DPTR,#__Constant_ffffffe9
   \   000053   78..         MOV     R0,#?V0 + 0
   \   000055   12....       LCALL   ?L_ADD_X
   \   000058   85..82       MOV     DPL,?XSP + 0
   \   00005B   85..83       MOV     DPH,?XSP + 1
   \   00005E   78..         MOV     R0,#?V0 + 0
   \   000060   12....       LCALL   ?L_ADD_TO_X
    489          
    490            /* set sleep timer compare; ST0 must be written last */
    491            ST2 = ((uint8 *) &ticks)[UINT32_NDX2];
   \   000063   7402         MOV     A,#0x2
   \   000065   12....       LCALL   ?XSTACK_DISP0_8
   \   000068   E0           MOVX    A,@DPTR
   \   000069   F597         MOV     0x97,A
    492            ST1 = ((uint8 *) &ticks)[UINT32_NDX1];
   \   00006B   7401         MOV     A,#0x1
   \   00006D   12....       LCALL   ?XSTACK_DISP0_8
   \   000070   E0           MOVX    A,@DPTR
   \   000071   F596         MOV     0x96,A
    493            ST0 = ((uint8 *) &ticks)[UINT32_NDX0];
   \   000073   85..82       MOV     DPL,?XSP + 0
   \   000076   85..83       MOV     DPH,?XSP + 1
   \   000079   E0           MOVX    A,@DPTR
   \   00007A   F595         MOV     0x95,A
    494          }
   \   00007C   7404         MOV     A,#0x4
   \   00007E   12....       LCALL   ?DEALLOC_XSTACK8
   \   000081   02....       LJMP    ?Subroutine0 & 0xFFFF
   \   000084                REQUIRE ST0
   \   000084                REQUIRE ST1
   \   000084                REQUIRE ST2
    495          
    496          /**************************************************************************************************
    497           * @fn          TimerElapsed
    498           *
    499           * @brief       Determine the number of OSAL timer ticks elapsed during sleep.
    500           *              Deprecated for CC2530 and CC2430 SoC.
    501           *
    502           * input parameters
    503           *
    504           * @param       None.
    505           *
    506           * output parameters
    507           *
    508           * None.
    509           *
    510           * @return      Number of timer ticks elapsed during sleep.
    511           **************************************************************************************************
    512           */

   \                                 In  segment BANKED_CODE, align 1, keep-with-next
    513          uint32 TimerElapsed( void )
   \                     TimerElapsed:
    514          {
   \   000000                ; Saved register size: 0
   \   000000                ; Auto size: 0
    515            /* Stubs */
    516            return (0);
   \   000000   7A00         MOV     R2,#0x0
   \   000002   7B00         MOV     R3,#0x0
   \   000004   7C00         MOV     R4,#0x0
   \   000006   7D00         MOV     R5,#0x0
   \   000008   02....       LJMP    ?BRET
    517          }
    518          
    519          /**************************************************************************************************
    520           * @fn          halRestoreSleepLevel
    521           *
    522           * @brief       Restore the deepest timer sleep level.
    523           *
    524           * input parameters
    525           *
    526           * @param       None
    527           *
    528           * output parameters
    529           *
    530           *              None.
    531           *
    532           * @return      None.
    533           **************************************************************************************************
    534           */

   \                                 In  segment BANKED_CODE, align 1, keep-with-next
    535          void halRestoreSleepLevel( void )
   \                     halRestoreSleepLevel:
    536          {
   \   000000                ; Saved register size: 0
   \   000000                ; Auto size: 0
    537            /* Stubs */
    538          }
   \   000000   02....       LJMP    ?BRET
    539          
    540          /**************************************************************************************************
    541           * @fn          halSleepTimerIsr
    542           *
    543           * @brief       Sleep timer ISR.
    544           *
    545           * input parameters
    546           *
    547           * None.
    548           *
    549           * output parameters
    550           *
    551           * None.
    552           *
    553           * @return      None.
    554           **************************************************************************************************
    555           */

   \                                 In  segment NEAR_CODE, align 1, keep-with-next
    556          HAL_ISR_FUNCTION(halSleepTimerIsr, ST_VECTOR)
   \                     halSleepTimerIsr:
    557          {
   \   000000   C0E0         PUSH    A
   \   000002   C0D0         PUSH    PSW
   \   000004   E8           MOV     A,R0
   \   000005   C0E0         PUSH    A
   \   000007                ; Saved register size: 3
   \   000007                ; Auto size: 0
    558            HAL_ENTER_ISR();
   \   000007   E5A8         MOV     A,0xa8
   \   000009   D2AF         SETB    0xa8.7
    559            HAL_SLEEP_TIMER_CLEAR_INT();
   \   00000B   C2C7         CLR     0xc0.7
    560          
    561          #ifdef HAL_SLEEP_DEBUG_POWER_MODE
    562            halSleepInt = TRUE;
    563          #endif
    564            
    565            CLEAR_SLEEP_MODE();
    566            HAL_EXIT_ISR();
   \   00000D   A2E7         MOV     C,0xE0 /* A   */.7
   \   00000F   92AF         MOV     0xa8.7,C
    567          }
   \   000011   D0E0         POP     A
   \   000013   F8           MOV     R0,A
   \   000014   D0D0         POP     PSW
   \   000016   D0E0         POP     A
   \   000018   32           RETI
   \   000019                REQUIRE _A_IEN0
   \   000019                REQUIRE _A_IRCON

   \                                 In  segment INTVEC, offset 0x2b, root
   \                     `??halSleepTimerIsr??INTVEC 43`:
   \   00002B   02....       LJMP       (halSleepTimerIsr)

   \                                 In  segment XDATA_ID, align 1, keep-with-next
   \                     `?<Initializer for maxSleepLoopTime>`:
   \   000000   96511800     DD 1593750

   \                                 In  segment DATA_ID, align 1, keep-with-next
   \                     `?<Initializer for halSleepPconValue>`:
   \   000000   01           DB 1

   \                                 In  segment XDATA_ROM_C, align 1
   \                     __Constant_fffffffe:
   \   000000   FEFFFFFF     DD 4294967294

   \                                 In  segment XDATA_ROM_C, align 1
   \                     __Constant_64:
   \   000000   64000000     DD 100

   \                                 In  segment XDATA_ROM_C, align 1
   \                     __Constant_1f:
   \   000000   1F000000     DD 31

   \                                 In  segment XDATA_ROM_C, align 1
   \                     __Constant_2d:
   \   000000   2D000000     DD 45

   \                                 In  segment XDATA_ROM_C, align 1
   \                     __Constant_185197:
   \   000000   97511800     DD 1593751

   \                                 In  segment XDATA_ROM_C, align 1
   \                     __Constant_185196:
   \   000000   96511800     DD 1593750

   \                                 In  segment XDATA_ROM_C, align 1
   \                     __Constant_29f:
   \   000000   9F020000     DD 671

   \                                 In  segment XDATA_ROM_C, align 1
   \                     __Constant_ffffffe9:
   \   000000   E9FFFFFF     DD 4294967273

   \                                 In  segment BANK_RELAYS, align 1
   \                     ??halSetSleepMode?relay:
   \   000000   12....       LCALL   ?BDISPATCH
   \   000003   ......       DC24    halSetSleepMode

   \                                 In  segment BANK_RELAYS, align 1
   \                     ??halSetMaxSleepLoopTime?relay:
   \   000000   12....       LCALL   ?BDISPATCH
   \   000003   ......       DC24    halSetMaxSleepLoopTime

   \                                 In  segment BANK_RELAYS, align 1
   \                     ??halSleep?relay:
   \   000000   12....       LCALL   ?BDISPATCH
   \   000003   ......       DC24    halSleep

   \                                 In  segment BANK_RELAYS, align 1
   \                     ??halSleepSetTimer?relay:
   \   000000   12....       LCALL   ?BDISPATCH
   \   000003   ......       DC24    halSleepSetTimer

   \                                 In  segment BANK_RELAYS, align 1
   \                     ??TimerElapsed?relay:
   \   000000   12....       LCALL   ?BDISPATCH
   \   000003   ......       DC24    TimerElapsed

   \                                 In  segment BANK_RELAYS, align 1
   \                     ??halRestoreSleepLevel?relay:
   \   000000   12....       LCALL   ?BDISPATCH
   \   000003   ......       DC24    halRestoreSleepLevel
    568          

   Maximum stack usage in bytes:

     Function                       ISTACK PSTACK XSTACK
     --------                       ------ ------ ------
     TimerElapsed                       0      0      0
     halRestoreSleepLevel               0      0      0
     halSetMaxSleepLoopTime             0      0     12
     halSetSleepMode                    0      0     16
     halSleep                           0      0     16
       -> MAC_PwrNextTimeout            0      0     32
       -> MAC_PwrNextTimeout            0      0     32
       -> halAssertHandler              0      0     32
       -> MAC_PwrOffReq                 0      0     32
       -> HalLedEnterSleep              0      0     32
       -> halSleepSetTimer              0      0     32
       -> halSleepSetTimer              0      0     32
       -> HalUARTSuspend                0      0     32
       -> halSetSleepMode               0      0     32
       -> HalUARTResume                 0      0     32
       -> HalLedExitSleep               0      0     32
       -> MAC_PwrOnReq                  0      0     32
       -> macMcuTimer2OverflowWorkaround
                                        0      0     32
     halSleepSetTimer                   1      0     36
     halSleepTimerIsr                   3      0      0


   Segment part sizes:

     Function/Label                       Bytes
     --------------                       -----
     PCON                                    1
     ST0                                     1
     ST1                                     1
     ST2                                     1
     IEN2                                    1
     _A_IEN0                                 1
     STLOAD                                  1
     _A_IEN1                                 1
     SLEEPCMD                                1
     _A_IRCON                                1
     maxSleepLoopTime                        4
     halSleepPconValue                       1
     halPwrMgtMode                           1
     halSetSleepMode                         7
     halSetMaxSleepLoopTime                 34
     halSleep                              322
     ?Subroutine0                            5
     ?Subroutine1                            2
     ??Subroutine2_0                         7
     halSleepSetTimer                      132
     TimerElapsed                           11
     halRestoreSleepLevel                    3
     halSleepTimerIsr                       25
     ??halSleepTimerIsr??INTVEC 43           3
     ?<Initializer for maxSleepLoopTime>     4
     ?<Initializer for halSleepPconValue>    1
     __Constant_fffffffe                     4
     __Constant_64                           4
     __Constant_1f                           4
     __Constant_2d                           4
     __Constant_185197                       4
     __Constant_185196                       4
     __Constant_29f                          4
     __Constant_ffffffe9                     4
     ??halSetSleepMode?relay                 6
     ??halSetMaxSleepLoopTime?relay          6
     ??halSleep?relay                        6
     ??halSleepSetTimer?relay                6
     ??TimerElapsed?relay                    6
     ??halRestoreSleepLevel?relay            6

 
 516 bytes in segment BANKED_CODE
  36 bytes in segment BANK_RELAYS
   1 byte  in segment DATA_I
   1 byte  in segment DATA_ID
   3 bytes in segment INTVEC
  25 bytes in segment NEAR_CODE
  10 bytes in segment SFR_AN
   7 bytes in segment SLEEP_CODE
   4 bytes in segment XDATA_I
   4 bytes in segment XDATA_ID
  32 bytes in segment XDATA_ROM_C
   1 byte  in segment XDATA_Z
 
 589 bytes of CODE  memory (+  3 bytes shared)
   0 bytes of CONST memory (+ 32 bytes shared)
   1 byte  of DATA  memory (+ 10 bytes shared)
   5 bytes of XDATA memory

Errors: none
Warnings: none
