###############################################################################
#                                                                             #
# IAR C/C++ Compiler V8.10.1.10194/W32 for 8051         24/Mar/2014  09:41:32 #
# Copyright 2004-2011 IAR Systems AB.                                         #
#                                                                             #
#    Core               =  plain                                              #
#    Code model         =  banked                                             #
#    Data model         =  large                                              #
#    Calling convention =  xdata reentrant                                    #
#    Constant location  =  data_rom                                           #
#    Dptr setup         =  1,16                                               #
#    Source file        =  C:\Documents and Settings\Administrator\×ÀÃæ\1\Tem #
#                          coZNP\Projects\zstack\ZMain\TI2530ZNP\ZMain.c      #
#    Command line       =  -f "C:\Documents and Settings\Administrator\×ÀÃæ\1 #
#                          \TemcoZNP\Projects\zstack\ZNP\CC253x\..\Source\znp #
#                          .cfg" (-DMAC_CFG_APP_PENDING_QUEUE=TRUE            #
#                          "-DZSTACK_DEVICE_BUILD=(DEVICE_BUILD_COORDINATOR   #
#                          | DEVICE_BUILD_ROUTER | DEVICE_BUILD_ENDDEVICE)"   #
#                          -DNWK_AUTO_POLL -DZNP_RUN_WDOG=FALSE -DZIGBEEPRO   #
#                          -DZIGBEE_FRAGMENTATION -DOSAL_CLOCK                #
#                          -DOSAL_SAPI=FALSE -DSAPI_CB_FUNC=FALSE -DNV_INIT   #
#                          -DNUM_DISC_ATTEMPTS=0) -f "C:\Documents and        #
#                          Settings\Administrator\×ÀÃæ\1\TemcoZNP\Projects\zs #
#                          tack\ZNP\CC253x\..\..\Tools\CC2530DB\f8wConfig.cfg #
#                          " (-DZIGBEEPRO -DSECURE=0 -DZG_SECURE_DYNAMIC=0    #
#                          -DREFLECTOR -DDEFAULT_CHANLIST=0x00001000          #
#                          -DZDAPP_CONFIG_PAN_ID=0xFFFF                       #
#                          -DNWK_START_DELAY=100 -DEXTENDED_JOINING_RANDOM_MA #
#                          SK=0x007F -DBEACON_REQUEST_DELAY=100               #
#                          -DBEACON_REQ_DELAY_MASK=0x00FF                     #
#                          -DLINK_STATUS_JITTER_MASK=0x007F                   #
#                          -DROUTE_EXPIRY_TIME=30 -DAPSC_ACK_WAIT_DURATION_PO #
#                          LLED=3000 -DNWK_INDIRECT_MSG_TIMEOUT=7             #
#                          -DMAX_RREQ_ENTRIES=8 -DAPSC_MAX_FRAME_RETRIES=3    #
#                          -DNWK_MAX_DATA_RETRIES=2                           #
#                          -DMAX_POLL_FAILURE_RETRIES=2 -DMAX_BCAST=9         #
#                          -DAPS_MAX_GROUPS=16 -DMAX_RTG_ENTRIES=40           #
#                          -DNWK_MAX_BINDING_ENTRIES=4                        #
#                          -DMAX_BINDING_CLUSTER_IDS=4 "-DDEFAULT_KEY={0x01,  #
#                          0x03, 0x05, 0x07, 0x09, 0x0B, 0x0D, 0x0F, 0x00,    #
#                          0x02, 0x04, 0x06, 0x08, 0x0A, 0x0C, 0x0D}"         #
#                          -DMAC_MAX_FRAME_SIZE=116                           #
#                          -DZDNWKMGR_MIN_TRANSMISSIONS=20 "-DCONST=const     #
#                          __code" -DGENERIC=__generic                        #
#                          -DRFD_RCVC_ALWAYS_ON=FALSE -DPOLL_RATE=1000        #
#                          -DQUEUED_POLL_RATE=100 -DRESPONSE_POLL_RATE=100    #
#                          -DREJOIN_POLL_RATE=440) -f "C:\Documents and       #
#                          Settings\Administrator\×ÀÃæ\1\TemcoZNP\Projects\zs #
#                          tack\ZNP\CC253x\..\..\Tools\CC2530DB\f8wZCL.cfg"   #
#                          "C:\Documents and Settings\Administrator\×ÀÃæ\1\Te #
#                          mcoZNP\Projects\zstack\ZMain\TI2530ZNP\ZMain.c"    #
#                          -D xPOWER_SAVING -D NV_RESTORE -lC "C:\Documents   #
#                          and Settings\Administrator\×ÀÃæ\1\TemcoZNP\Project #
#                          s\zstack\ZNP\CC253x\CC2530-Debug\List\" -lA        #
#                          "C:\Documents and Settings\Administrator\×ÀÃæ\1\Te #
#                          mcoZNP\Projects\zstack\ZNP\CC253x\CC2530-Debug\Lis #
#                          t\" --diag_suppress Pe001,Pa010 -o "C:\Documents   #
#                          and Settings\Administrator\×ÀÃæ\1\TemcoZNP\Project #
#                          s\zstack\ZNP\CC253x\CC2530-Debug\Obj\" -e          #
#                          --no_code_motion --debug --core=plain --dptr=16,1  #
#                          --data_model=large --code_model=banked             #
#                          --calling_convention=xdata_reentrant               #
#                          --place_constants=data_rom --nr_virtual_regs 16    #
#                          -I "C:\Documents and Settings\Administrator\×ÀÃæ\1 #
#                          \TemcoZNP\Projects\zstack\ZNP\CC253x\" -I          #
#                          "C:\Documents and Settings\Administrator\×ÀÃæ\1\Te #
#                          mcoZNP\Projects\zstack\ZNP\CC253x\Source\" -I      #
#                          "C:\Documents and Settings\Administrator\×ÀÃæ\1\Te #
#                          mcoZNP\Projects\zstack\ZNP\CC253x\..\Source\" -I   #
#                          "C:\Documents and Settings\Administrator\×ÀÃæ\1\Te #
#                          mcoZNP\Projects\zstack\ZNP\CC253x\..\..\SE\Source\ #
#                          " -I "C:\Documents and Settings\Administrator\×ÀÃæ #
#                          \1\TemcoZNP\Projects\zstack\ZNP\CC253x\..\..\ZMain #
#                          \TI2530ZNP\" -I "C:\Documents and                  #
#                          Settings\Administrator\×ÀÃæ\1\TemcoZNP\Projects\zs #
#                          tack\ZNP\CC253x\..\..\..\..\Components\hal\include #
#                          \" -I "C:\Documents and Settings\Administrator\×ÀÃ #
#                          æ\1\TemcoZNP\Projects\zstack\ZNP\CC253x\..\..\..\. #
#                          .\Components\hal\target\CC2530ZNP\" -I             #
#                          "C:\Documents and Settings\Administrator\×ÀÃæ\1\Te #
#                          mcoZNP\Projects\zstack\ZNP\CC253x\..\..\..\..\Comp #
#                          onents\mac\include\" -I "C:\Documents and          #
#                          Settings\Administrator\×ÀÃæ\1\TemcoZNP\Projects\zs #
#                          tack\ZNP\CC253x\..\..\..\..\Components\mac\high_le #
#                          vel\" -I "C:\Documents and                         #
#                          Settings\Administrator\×ÀÃæ\1\TemcoZNP\Projects\zs #
#                          tack\ZNP\CC253x\..\..\..\..\Components\mac\low_lev #
#                          el\srf04\" -I "C:\Documents and                    #
#                          Settings\Administrator\×ÀÃæ\1\TemcoZNP\Projects\zs #
#                          tack\ZNP\CC253x\..\..\..\..\Components\mac\low_lev #
#                          el\srf04\single_chip\" -I "C:\Documents and        #
#                          Settings\Administrator\×ÀÃæ\1\TemcoZNP\Projects\zs #
#                          tack\ZNP\CC253x\..\..\..\..\Components\mt\" -I     #
#                          "C:\Documents and Settings\Administrator\×ÀÃæ\1\Te #
#                          mcoZNP\Projects\zstack\ZNP\CC253x\..\..\..\..\Comp #
#                          onents\osal\include\" -I "C:\Documents and         #
#                          Settings\Administrator\×ÀÃæ\1\TemcoZNP\Projects\zs #
#                          tack\ZNP\CC253x\..\..\..\..\Components\services\sa #
#                          ddr\" -I "C:\Documents and                         #
#                          Settings\Administrator\×ÀÃæ\1\TemcoZNP\Projects\zs #
#                          tack\ZNP\CC253x\..\..\..\..\Components\services\sd #
#                          ata\" -I "C:\Documents and                         #
#                          Settings\Administrator\×ÀÃæ\1\TemcoZNP\Projects\zs #
#                          tack\ZNP\CC253x\..\..\..\..\Components\stack\af\"  #
#                          -I "C:\Documents and Settings\Administrator\×ÀÃæ\1 #
#                          \TemcoZNP\Projects\zstack\ZNP\CC253x\..\..\..\..\C #
#                          omponents\stack\nwk\" -I "C:\Documents and         #
#                          Settings\Administrator\×ÀÃæ\1\TemcoZNP\Projects\zs #
#                          tack\ZNP\CC253x\..\..\..\..\Components\stack\sapi\ #
#                          " -I "C:\Documents and Settings\Administrator\×ÀÃæ #
#                          \1\TemcoZNP\Projects\zstack\ZNP\CC253x\..\..\..\.. #
#                          \Components\stack\sec\" -I "C:\Documents and       #
#                          Settings\Administrator\×ÀÃæ\1\TemcoZNP\Projects\zs #
#                          tack\ZNP\CC253x\..\..\..\..\Components\stack\sys\" #
#                           -I "C:\Documents and Settings\Administrator\×ÀÃæ\ #
#                          1\TemcoZNP\Projects\zstack\ZNP\CC253x\..\..\..\..\ #
#                          Components\stack\zcl\" -I "C:\Documents and        #
#                          Settings\Administrator\×ÀÃæ\1\TemcoZNP\Projects\zs #
#                          tack\ZNP\CC253x\..\..\..\..\Components\stack\zdo\" #
#                           -I "C:\Documents and Settings\Administrator\×ÀÃæ\ #
#                          1\TemcoZNP\Projects\zstack\ZNP\CC253x\..\..\..\..\ #
#                          Components\zmac\" -I "C:\Documents and             #
#                          Settings\Administrator\×ÀÃæ\1\TemcoZNP\Projects\zs #
#                          tack\ZNP\CC253x\..\..\..\..\Components\zmac\f8w\"  #
#                          -Ohz --require_prototypes                          #
#    List file          =  C:\Documents and Settings\Administrator\×ÀÃæ\1\Tem #
#                          coZNP\Projects\zstack\ZNP\CC253x\CC2530-Debug\List #
#                          \ZMain.lst                                         #
#    Object file        =  C:\Documents and Settings\Administrator\×ÀÃæ\1\Tem #
#                          coZNP\Projects\zstack\ZNP\CC253x\CC2530-Debug\Obj\ #
#                          ZMain.r51                                          #
#                                                                             #
#                                                                             #
###############################################################################

C:\Documents and Settings\Administrator\×ÀÃæ\1\TemcoZNP\Projects\zstack\ZMain\TI2530ZNP\ZMain.c
      1          /**************************************************************************************************
      2            Filename:       ZMain.c
      3            Revised:        $Date: 2010-09-17 16:25:30 -0700 (Fri, 17 Sep 2010) $
      4            Revision:       $Revision: 23835 $
      5          
      6            Description:    Startup and shutdown code for ZStack
      7            Notes:          This version targets the Chipcon CC2530
      8          
      9          
     10            Copyright 2005-2010 Texas Instruments Incorporated. All rights reserved.
     11          
     12            IMPORTANT: Your use of this Software is limited to those specific rights
     13            granted under the terms of a software license agreement between the user
     14            who downloaded the software, his/her employer (which must be your employer)
     15            and Texas Instruments Incorporated (the "License").  You may not use this
     16            Software unless you agree to abide by the terms of the License. The License
     17            limits your use, and you acknowledge, that the Software may not be modified,
     18            copied or distributed unless embedded on a Texas Instruments microcontroller
     19            or used solely and exclusively in conjunction with a Texas Instruments radio
     20            frequency transceiver, which is integrated into your product.  Other than for
     21            the foregoing purpose, you may not use, reproduce, copy, prepare derivative
     22            works of, modify, distribute, perform, display or sell this Software and/or
     23            its documentation for any purpose.
     24          
     25            YOU FURTHER ACKNOWLEDGE AND AGREE THAT THE SOFTWARE AND DOCUMENTATION ARE
     26            PROVIDED “AS IS?WITHOUT WARRANTY OF ANY KIND, EITHER EXPRESS OR IMPLIED,
     27            INCLUDING WITHOUT LIMITATION, ANY WARRANTY OF MERCHANTABILITY, TITLE,
     28            NON-INFRINGEMENT AND FITNESS FOR A PARTICULAR PURPOSE. IN NO EVENT SHALL
     29            TEXAS INSTRUMENTS OR ITS LICENSORS BE LIABLE OR OBLIGATED UNDER CONTRACT,
     30            NEGLIGENCE, STRICT LIABILITY, CONTRIBUTION, BREACH OF WARRANTY, OR OTHER
     31            LEGAL EQUITABLE THEORY ANY DIRECT OR INDIRECT DAMAGES OR EXPENSES
     32            INCLUDING BUT NOT LIMITED TO ANY INCIDENTAL, SPECIAL, INDIRECT, PUNITIVE
     33            OR CONSEQUENTIAL DAMAGES, LOST PROFITS OR LOST DATA, COST OF PROCUREMENT
     34            OF SUBSTITUTE GOODS, TECHNOLOGY, SERVICES, OR ANY CLAIMS BY THIRD PARTIES
     35            (INCLUDING BUT NOT LIMITED TO ANY DEFENSE THEREOF), OR OTHER SIMILAR COSTS.
     36          
     37            Should you have any questions regarding your right to use this Software,
     38            contact Texas Instruments Incorporated at www.TI.com.
     39          **************************************************************************************************/
     40          
     41          /*********************************************************************
     42           * INCLUDES
     43           */
     44          
     45          #ifndef NONWK
     46          #include "AF.h"
     47          #endif
     48          #include "hal_adc.h"

   \                                 In  segment SFR_AN, at 0x8f
   \   unsigned char volatile __sfr P0INP
   \                     P0INP:
   \   000000                DS 1

   \                                 In  segment SFR_AN, at 0x9d
   \   unsigned char volatile __sfr SLEEPSTA
   \                     SLEEPSTA:
   \   000000                DS 1

   \                                 In  segment SFR_AN, at 0x9e
   \   unsigned char volatile __sfr CLKCONSTA
   \                     CLKCONSTA:
   \   000000                DS 1

   \                                 In  segment SFR_AN, at 0xbe
   \   unsigned char volatile __sfr SLEEPCMD
   \                     SLEEPCMD:
   \   000000                DS 1

   \                                 In  segment SFR_AN, at 0xc6
   \   unsigned char volatile __sfr CLKCONCMD
   \                     CLKCONCMD:
   \   000000                DS 1

   \                                 In  segment SFR_AN, at 0xfd
   \   unsigned char volatile __sfr P0DIR
   \                     P0DIR:
   \   000000                DS 1

   \                                 In  segment SFR_AN, at 0xfe
   \   unsigned char volatile __sfr P1DIR
   \                     P1DIR:
   \   000000                DS 1
     49          #include "hal_flash.h"
     50          #include "hal_lcd.h"
     51          #include "hal_led.h"
     52          #include "hal_drivers.h"
     53          #include "OnBoard.h"
     54          #include "OSAL.h"
     55          #include "OSAL_Nv.h"
     56          #include "ZComDef.h"
     57          #include "ZMAC.h"
     58          #include "znp_app.h"
     59          
     60          extern void osal_start_znp( void );
     61          
     62          /*********************************************************************
     63           * LOCAL FUNCTIONS
     64           */
     65          
     66          static void zmain_ext_addr( void );
     67          #if defined ZCL_KEY_ESTABLISH
     68          static void zmain_cert_init( void );
     69          #endif
     70          static void zmain_dev_info( void );
     71          static void zmain_vdd_check( void );
     72          
     73          #ifdef LCD_SUPPORTED
     74          static void zmain_lcd_init( void );
     75          #endif
     76          
     77          /*********************************************************************
     78           * @fn      main
     79           * @brief   First function called after startup.
     80           * @return  don't care
     81           */

   \                                 In  segment BANKED_CODE, align 1, keep-with-next
     82          int main( void )
   \                     main:
     83          {
   \   000000                ; Auto size: 0
     84            // Turn off interrupts
     85            osal_int_disable( INTS_ALL );
   \   000000                ; Setup parameters for call to function osal_int_disable
   \   000000   79FF         MOV     R1,#-0x1
   \   000002   12....       LCALL   ??osal_int_disable?relay
     86          
     87            // Initialization for board related stuff such as LEDs
     88            HAL_BOARD_INIT();
   \   000005   53BEFB       ANL     0xbe,#0xfb
   \                     ??main_0:
   \   000008   E59D         MOV     A,0x9d
   \   00000A   A2E6         MOV     C,0xE0 /* A   */.6
   \   00000C   50FA         JNC     ??main_0
   \   00000E   00           NOP
   \   00000F   78F8         MOV     R0,#-0x8
   \   000011   7901         MOV     R1,#0x1
   \                     ??main_1:
   \   000013   00           NOP
   \   000014   E8           MOV     A,R0
   \   000015   24FF         ADD     A,#-0x1
   \   000017   18           DEC     R0
   \   000018   E9           MOV     A,R1
   \   000019   34FF         ADDC    A,#-0x1
   \   00001B   F9           MOV     R1,A
   \   00001C   E8           MOV     A,R0
   \   00001D   49           ORL     A,R1
   \   00001E   70F3         JNZ     ??main_1
   \   000020   75C600       MOV     0xc6,#0x0
   \                     ??main_2:
   \   000023   E59E         MOV     A,0x9e
   \   000025   70FC         JNZ     ??main_2
   \   000027   43BE04       ORL     0xbe,#0x4
   \   00002A   906270       MOV     DPTR,#0x6270
   \   00002D   7408         MOV     A,#0x8
   \   00002F   F0           MOVX    @DPTR,A
   \   000030   43FE01       ORL     0xfe,#0x1
   \   000033   43FD80       ORL     0xfd,#0x80
   \   000036   438F01       ORL     0x8f,#0x1
   \   000039                ; Setup parameters for call to function MAC_RfFrontendSetup
   \   000039   12....       LCALL   ??MAC_RfFrontendSetup?relay
     89          
     90            // Make sure supply voltage is high enough to run
     91            zmain_vdd_check();
   \   00003C   7E10         MOV     R6,#0x10
   \                     ??main_3:
   \   00003E                ; Setup parameters for call to function HalAdcCheckVdd
   \   00003E   794A         MOV     R1,#0x4a
   \   000040   12....       LCALL   ??HalAdcCheckVdd?relay
   \   000043   E9           MOV     A,R1
   \   000044   60F8         JZ      ??main_3
   \   000046   1E           DEC     R6
   \   000047   EE           MOV     A,R6
   \   000048   70F4         JNZ     ??main_3
     92          
     93            // Initialize board I/O
     94            InitBoard( OB_COLD );
   \   00004A                ; Setup parameters for call to function InitBoard
   \   00004A   7900         MOV     R1,#0x0
   \   00004C   12....       LCALL   ??InitBoard?relay
     95          
     96            // Initialze HAL drivers
     97            HalDriverInit();
   \   00004F                ; Setup parameters for call to function HalDriverInit
   \   00004F   12....       LCALL   ??HalDriverInit?relay
     98          
     99            // Initialize NV System
    100            osal_nv_init( NULL );
   \   000052                ; Setup parameters for call to function osal_nv_init
   \   000052   7A00         MOV     R2,#0x0
   \   000054   7B00         MOV     R3,#0x0
   \   000056   12....       LCALL   ??osal_nv_init?relay
    101          
    102            // Initialize and check the ZNP RF Test Mode NV items.
    103            znpTestRF();
   \   000059                ; Setup parameters for call to function znpTestRF
   \   000059   12....       LCALL   ??znpTestRF?relay
    104          
    105            // Initialize the MAC
    106            ZMacInit();
   \   00005C                ; Setup parameters for call to function ZMacInit
   \   00005C   12....       LCALL   ??ZMacInit?relay
    107          
    108            // Determine the extended address
    109            zmain_ext_addr();
   \   00005F                ; Setup parameters for call to function zmain_ext_addr
   \   00005F   12....       LCALL   ??zmain_ext_addr?relay
    110          
    111          #if defined ZCL_KEY_ESTABLISH
    112            // Initialize the Certicom certificate information.
    113            zmain_cert_init();
    114          #endif
    115          
    116            // Initialize basic NV items
    117            zgInit();
   \   000062                ; Setup parameters for call to function zgInit
   \   000062   12....       LCALL   ??zgInit?relay
    118          
    119          #ifndef NONWK
    120            // Since the AF isn't a task, call it's initialization routine
    121            afInit();
    122          #endif
    123          
    124            // Initialize the operating system
    125            osal_init_system();
   \   000065                ; Setup parameters for call to function osal_init_system
   \   000065   12....       LCALL   ??osal_init_system?relay
    126          
    127            // Allow interrupts
    128            osal_int_enable( INTS_ALL );
   \   000068                ; Setup parameters for call to function osal_int_enable
   \   000068   79FF         MOV     R1,#-0x1
   \   00006A   12....       LCALL   ??osal_int_enable?relay
    129          
    130            // Final board initialization
    131            InitBoard( OB_READY );
   \   00006D                ; Setup parameters for call to function InitBoard
   \   00006D   7902         MOV     R1,#0x2
   \   00006F   12....       LCALL   ??InitBoard?relay
    132          
    133            // Display information about this device
    134            zmain_dev_info();
    135          
    136            /* Display the device info on the LCD */
    137          #ifdef LCD_SUPPORTED
    138            zmain_lcd_init();
    139          #endif
    140          
    141          #ifdef WDT_IN_PM1
    142            /* If WDT is used, this is a good place to enable it. */
    143            WatchDogEnable( WDTIMX );
    144          #endif
    145          
    146            osal_start_znp(); // No Return from here
   \   000072                ; Setup parameters for call to function osal_start_znp
   \   000072   12....       LCALL   ??osal_start_znp?relay
    147          
    148            return 0;  // Shouldn't get here.
   \   000075   7A00         MOV     R2,#0x0
   \   000077   7B00         MOV     R3,#0x0
   \   000079   02....       LJMP    ?BRET
   \   00007C                REQUIRE SLEEPCMD
   \   00007C                REQUIRE SLEEPSTA
   \   00007C                REQUIRE CLKCONCMD
   \   00007C                REQUIRE CLKCONSTA
   \   00007C                REQUIRE P1DIR
   \   00007C                REQUIRE P0DIR
   \   00007C                REQUIRE P0INP
    149          } // main()
    150          
    151          /*********************************************************************
    152           * @fn      zmain_vdd_check
    153           * @brief   Check if the Vdd is OK to run the processor.
    154           * @return  Return if Vdd is ok; otherwise, flash LED, then reset
    155           *********************************************************************/
    156          static void zmain_vdd_check( void )
    157          {
    158            uint8 cnt = 16;
    159            
    160            do {
    161              while (!HalAdcCheckVdd(VDD_MIN_RUN));
    162            } while (--cnt);
    163          }
    164          
    165          /**************************************************************************************************
    166           * @fn          zmain_ext_addr
    167           *
    168           * @brief       Execute a prioritized search for a valid extended address and write the results
    169           *              into the OSAL NV system for use by the system. Temporary address not saved to NV.
    170           *
    171           * input parameters
    172           *
    173           * None.
    174           *
    175           * output parameters
    176           *
    177           * None.
    178           *
    179           * @return      None.
    180           **************************************************************************************************
    181           */

   \                                 In  segment BANKED_CODE, align 1, keep-with-next
    182          static void zmain_ext_addr(void)
   \                     zmain_ext_addr:
    183          {
   \   000000   74F5         MOV     A,#-0xb
   \   000002   12....       LCALL   ?BANKED_ENTER_XDATA
   \   000005                ; Saved register size: 11
   \   000005                ; Auto size: 8
   \   000005   74F8         MOV     A,#-0x8
   \   000007   12....       LCALL   ?ALLOC_XSTACK8
    184            uint8 nullAddr[Z_EXTADDR_LEN] = {0xFF, 0xFF, 0xFF, 0xFF, 0xFF, 0xFF, 0xFF, 0xFF};
   \   00000A   85..82       MOV     DPL,?XSP + 0
   \   00000D   85..83       MOV     DPH,?XSP + 1
   \   000010   AC82         MOV     R4,DPL
   \   000012   AD83         MOV     R5,DPH
   \   000014   7583..       MOV     DPH,#(`?<Constant {255, 255, 255, 255, 255, 255, 255,` >> 8) & 0xff
   \   000017   7582..       MOV     DPL,#`?<Constant {255, 255, 255, 255, 255, 255, 255,` & 0xff
   \   00001A   7408         MOV     A,#0x8
   \   00001C   12....       LCALL   ?MOVE_LONG8_XDATA_XDATA
    185            uint8 writeNV = TRUE;
    186          
    187            // First check whether a non-erased extended address exists in the OSAL NV.
    188            if ((SUCCESS != osal_nv_item_init(ZCD_NV_EXTADDR, Z_EXTADDR_LEN, NULL))  ||
    189                (SUCCESS != osal_nv_read(ZCD_NV_EXTADDR, 0, Z_EXTADDR_LEN, aExtendedAddress)) ||
    190                (osal_memcmp(aExtendedAddress, nullAddr, Z_EXTADDR_LEN)))
   \   00001F                ; Setup parameters for call to function osal_nv_item_init
   \   00001F   F5..         MOV     ?V0 + 0,A
   \   000021   F5..         MOV     ?V0 + 1,A
   \   000023   78..         MOV     R0,#?V0 + 0
   \   000025   12....       LCALL   ?PUSH_XSTACK_I_TWO
   \   000028   7C08         MOV     R4,#0x8
   \   00002A   7D00         MOV     R5,#0x0
   \   00002C   7A01         MOV     R2,#0x1
   \   00002E   7B00         MOV     R3,#0x0
   \   000030   12....       LCALL   ??osal_nv_item_init?relay
   \   000033   7402         MOV     A,#0x2
   \   000035   12....       LCALL   ?DEALLOC_XSTACK8
   \   000038   E9           MOV     A,R1
   \   000039   7057         JNZ     ??zmain_ext_addr_0
   \   00003B                ; Setup parameters for call to function osal_nv_read
   \   00003B   75....       MOV     ?V0 + 0,#aExtendedAddress & 0xff
   \   00003E   75....       MOV     ?V0 + 1,#(aExtendedAddress >> 8) & 0xff
   \   000041   78..         MOV     R0,#?V0 + 0
   \   000043   12....       LCALL   ?PUSH_XSTACK_I_TWO
   \   000046   75..08       MOV     ?V0 + 0,#0x8
   \   000049   75..00       MOV     ?V0 + 1,#0x0
   \   00004C   78..         MOV     R0,#?V0 + 0
   \   00004E   12....       LCALL   ?PUSH_XSTACK_I_TWO
   \   000051   7C00         MOV     R4,#0x0
   \   000053   7D00         MOV     R5,#0x0
   \   000055   7A01         MOV     R2,#0x1
   \   000057   7B00         MOV     R3,#0x0
   \   000059   12....       LCALL   ??osal_nv_read?relay
   \   00005C   7404         MOV     A,#0x4
   \   00005E   12....       LCALL   ?DEALLOC_XSTACK8
   \   000061   E9           MOV     A,R1
   \   000062   702E         JNZ     ??zmain_ext_addr_0
   \   000064                ; Setup parameters for call to function osal_memcmp
   \   000064   85..82       MOV     DPL,?XSP + 0
   \   000067   85..83       MOV     DPH,?XSP + 1
   \   00006A   A982         MOV     R1,DPL
   \   00006C   AA83         MOV     R2,DPH
   \   00006E   89..         MOV     ?V0 + 0,R1
   \   000070   8A..         MOV     ?V0 + 1,R2
   \   000072   75..00       MOV     ?V0 + 2,#0x0
   \   000075   78..         MOV     R0,#?V0 + 0
   \   000077   12....       LCALL   ?PUSH_XSTACK_I_THREE
   \   00007A   7C08         MOV     R4,#0x8
   \   00007C   7D00         MOV     R5,#0x0
   \   00007E   79..         MOV     R1,#aExtendedAddress & 0xff
   \   000080   7A..         MOV     R2,#(aExtendedAddress >> 8) & 0xff
   \   000082   7B00         MOV     R3,#0x0
   \   000084   12....       LCALL   ??osal_memcmp?relay
   \   000087   7403         MOV     A,#0x3
   \   000089   12....       LCALL   ?DEALLOC_XSTACK8
   \   00008C   E9           MOV     A,R1
   \   00008D   7003         JNZ     $+5
   \   00008F   02....       LJMP    ??zmain_ext_addr_1 & 0xFFFF
    191            {
    192              // Attempt to read the extended address from the location on the lock bits page
    193              // where the programming tools know to reserve it.
    194              HalFlashRead(HAL_FLASH_IEEE_PAGE, HAL_FLASH_IEEE_OSET, aExtendedAddress, Z_EXTADDR_LEN);
   \                     ??zmain_ext_addr_0:
   \   000092                ; Setup parameters for call to function HalFlashRead
   \   000092   75..08       MOV     ?V0 + 0,#0x8
   \   000095   75..00       MOV     ?V0 + 1,#0x0
   \   000098   78..         MOV     R0,#?V0 + 0
   \   00009A   12....       LCALL   ?PUSH_XSTACK_I_TWO
   \   00009D   7C..         MOV     R4,#aExtendedAddress & 0xff
   \   00009F   7D..         MOV     R5,#(aExtendedAddress >> 8) & 0xff
   \   0000A1   7AE8         MOV     R2,#-0x18
   \   0000A3   7B07         MOV     R3,#0x7
   \   0000A5   797F         MOV     R1,#0x7f
   \   0000A7   12....       LCALL   ??HalFlashRead?relay
   \   0000AA   7402         MOV     A,#0x2
   \   0000AC   12....       LCALL   ?DEALLOC_XSTACK8
    195          
    196              if (osal_memcmp(aExtendedAddress, nullAddr, Z_EXTADDR_LEN))
   \   0000AF                ; Setup parameters for call to function osal_memcmp
   \   0000AF   85..82       MOV     DPL,?XSP + 0
   \   0000B2   85..83       MOV     DPH,?XSP + 1
   \   0000B5   A982         MOV     R1,DPL
   \   0000B7   AA83         MOV     R2,DPH
   \   0000B9   89..         MOV     ?V0 + 0,R1
   \   0000BB   8A..         MOV     ?V0 + 1,R2
   \   0000BD   75..00       MOV     ?V0 + 2,#0x0
   \   0000C0   78..         MOV     R0,#?V0 + 0
   \   0000C2   12....       LCALL   ?PUSH_XSTACK_I_THREE
   \   0000C5   7C08         MOV     R4,#0x8
   \   0000C7   7D00         MOV     R5,#0x0
   \   0000C9   79..         MOV     R1,#aExtendedAddress & 0xff
   \   0000CB   7A..         MOV     R2,#(aExtendedAddress >> 8) & 0xff
   \   0000CD   7B00         MOV     R3,#0x0
   \   0000CF   12....       LCALL   ??osal_memcmp?relay
   \   0000D2   7403         MOV     A,#0x3
   \   0000D4   12....       LCALL   ?DEALLOC_XSTACK8
   \   0000D7   E9           MOV     A,R1
   \   0000D8   606A         JZ      ??zmain_ext_addr_2
    197              {
    198                // Attempt to read the extended address from the designated location in the Info Page.
    199                if (!osal_memcmp((uint8 *)(P_INFOPAGE+HAL_INFOP_IEEE_OSET), nullAddr, Z_EXTADDR_LEN))
   \   0000DA                ; Setup parameters for call to function osal_memcmp
   \   0000DA   78..         MOV     R0,#?V0 + 0
   \   0000DC   12....       LCALL   ?PUSH_XSTACK_I_THREE
   \   0000DF   7C08         MOV     R4,#0x8
   \   0000E1   7D00         MOV     R5,#0x0
   \   0000E3   790C         MOV     R1,#0xc
   \   0000E5   7A78         MOV     R2,#0x78
   \   0000E7   7B00         MOV     R3,#0x0
   \   0000E9   12....       LCALL   ??osal_memcmp?relay
   \   0000EC   7403         MOV     A,#0x3
   \   0000EE   12....       LCALL   ?DEALLOC_XSTACK8
   \   0000F1   E9           MOV     A,R1
   \   0000F2   701D         JNZ     ??zmain_ext_addr_3
    200                {
    201                  osal_memcpy(aExtendedAddress, (uint8 *)(P_INFOPAGE+HAL_INFOP_IEEE_OSET), Z_EXTADDR_LEN);
   \   0000F4                ; Setup parameters for call to function osal_memcpy
   \   0000F4   75..0C       MOV     ?V0 + 0,#0xc
   \   0000F7   75..78       MOV     ?V0 + 1,#0x78
   \   0000FA   78..         MOV     R0,#?V0 + 0
   \   0000FC   12....       LCALL   ?PUSH_XSTACK_I_THREE
   \   0000FF   7C08         MOV     R4,#0x8
   \   000101   7D00         MOV     R5,#0x0
   \   000103   7A..         MOV     R2,#aExtendedAddress & 0xff
   \   000105   7B..         MOV     R3,#(aExtendedAddress >> 8) & 0xff
   \   000107   12....       LCALL   ??osal_memcpy?relay
   \   00010A   7403         MOV     A,#0x3
   \   00010C   12....       LCALL   ?DEALLOC_XSTACK8
   \   00010F   8033         SJMP    ??zmain_ext_addr_2
    202                }
    203                else  // No valid extended address was found.
    204                {
    205                  uint8 idx;
    206                  
    207          #if !defined ( NV_RESTORE )
    208                  writeNV = FALSE;  // Make this a temporary IEEE address
    209          #endif
    210          
    211                  /* Attempt to create a sufficiently random extended address for expediency.
    212                   * Note: this is only valid/legal in a test environment and
    213                   *       must never be used for a commercial product.
    214                   */
    215                  for (idx = 0; idx < (Z_EXTADDR_LEN - 2);)
   \                     ??zmain_ext_addr_3:
   \   000111   7E00         MOV     R6,#0x0
    216                  {
    217                    uint16 randy = osal_rand();
   \                     ??zmain_ext_addr_4:
   \   000113                ; Setup parameters for call to function osal_rand
   \   000113   12....       LCALL   ??osal_rand?relay
   \   000116   8A..         MOV     ?V0 + 0,R2
   \   000118   A8..         MOV     R0,?V0 + 0
    218                    aExtendedAddress[idx++] = LO_UINT16(randy);
   \   00011A   12....       LCALL   ?Subroutine0 & 0xFFFF
   \                     ??CrossCallReturnLabel_0:
   \   00011D   E8           MOV     A,R0
   \   00011E   F0           MOVX    @DPTR,A
   \   00011F   0E           INC     R6
    219                    aExtendedAddress[idx++] = HI_UINT16(randy);
   \   000120   12....       LCALL   ?Subroutine0 & 0xFFFF
    220                  }
   \                     ??CrossCallReturnLabel_1:
   \   000123   EB           MOV     A,R3
   \   000124   F0           MOVX    @DPTR,A
   \   000125   0E           INC     R6
   \   000126   EE           MOV     A,R6
   \   000127   C3           CLR     C
   \   000128   9406         SUBB    A,#0x6
   \   00012A   40E7         JC      ??zmain_ext_addr_4
    221                  // Next-to-MSB identifies ZigBee devicetype.
    222          #if ZG_BUILD_COORDINATOR_TYPE && !ZG_BUILD_JOINING_TYPE
    223                  aExtendedAddress[idx++] = 0x10;
    224          #elif ZG_BUILD_RTRONLY_TYPE
    225                  aExtendedAddress[idx++] = 0x20;
    226          #else
    227                  aExtendedAddress[idx++] = 0x30;
   \   00012C   12....       LCALL   ?Subroutine0 & 0xFFFF
   \                     ??CrossCallReturnLabel_2:
   \   00012F   7430         MOV     A,#0x30
   \   000131   F0           MOVX    @DPTR,A
    228          #endif
    229                  // MSB has historical signficance.
    230                  aExtendedAddress[idx] = 0xF8;
   \   000132   7401         MOV     A,#0x1
   \   000134   2E           ADD     A,R6
   \   000135   F8           MOV     R0,A
   \   000136   74..         MOV     A,#aExtendedAddress & 0xff
   \   000138   28           ADD     A,R0
   \   000139   F582         MOV     DPL,A
   \   00013B   74..         MOV     A,#(aExtendedAddress >> 8) & 0xff
   \   00013D   3400         ADDC    A,#0x0
   \   00013F   F583         MOV     DPH,A
   \   000141   74F8         MOV     A,#-0x8
   \   000143   F0           MOVX    @DPTR,A
    231                }
    232              }
    233          
    234              if (writeNV)
    235              {
    236                (void)osal_nv_write(ZCD_NV_EXTADDR, 0, Z_EXTADDR_LEN, aExtendedAddress);
   \                     ??zmain_ext_addr_2:
   \   000144                ; Setup parameters for call to function osal_nv_write
   \   000144   75....       MOV     ?V0 + 0,#aExtendedAddress & 0xff
   \   000147   75....       MOV     ?V0 + 1,#(aExtendedAddress >> 8) & 0xff
   \   00014A   78..         MOV     R0,#?V0 + 0
   \   00014C   12....       LCALL   ?PUSH_XSTACK_I_TWO
   \   00014F   75..08       MOV     ?V0 + 0,#0x8
   \   000152   75..00       MOV     ?V0 + 1,#0x0
   \   000155   78..         MOV     R0,#?V0 + 0
   \   000157   12....       LCALL   ?PUSH_XSTACK_I_TWO
   \   00015A   7C00         MOV     R4,#0x0
   \   00015C   7D00         MOV     R5,#0x0
   \   00015E   7A01         MOV     R2,#0x1
   \   000160   7B00         MOV     R3,#0x0
   \   000162   12....       LCALL   ??osal_nv_write?relay
   \   000165   7404         MOV     A,#0x4
   \   000167   12....       LCALL   ?DEALLOC_XSTACK8
    237              }
    238            }
    239          
    240            // Set the MAC PIB extended address according to results from above.
    241            (void)ZMacSetReq(MAC_EXTENDED_ADDRESS, aExtendedAddress);
   \                     ??zmain_ext_addr_1:
   \   00016A                ; Setup parameters for call to function ZMacSetReq
   \   00016A   7A..         MOV     R2,#aExtendedAddress & 0xff
   \   00016C   7B..         MOV     R3,#(aExtendedAddress >> 8) & 0xff
   \   00016E   79E2         MOV     R1,#-0x1e
   \   000170   12....       LCALL   ??ZMacSetReq?relay
    242          }
   \   000173   7408         MOV     A,#0x8
   \   000175   12....       LCALL   ?DEALLOC_XSTACK8
   \   000178   7F03         MOV     R7,#0x3
   \   00017A   02....       LJMP    ?BANKED_LEAVE_XDATA

   \                                 In  segment BANKED_CODE, align 1, keep-with-next
   \                     ?Subroutine0:
   \   000000   8E..         MOV     ?V0 + 0,R6
   \   000002   74..         MOV     A,#aExtendedAddress & 0xff
   \   000004   25..         ADD     A,?V0 + 0
   \   000006   F582         MOV     DPL,A
   \   000008   74..         MOV     A,#(aExtendedAddress >> 8) & 0xff
   \   00000A   3400         ADDC    A,#0x0
   \   00000C   F583         MOV     DPH,A
   \   00000E   22           RET

   \                                 In  segment BANK_RELAYS, align 1
   \                     ??main?relay:
   \   000000   12....       LCALL   ?BDISPATCH
   \   000003   ......       DC24    main

   \                                 In  segment BANK_RELAYS, align 1
   \                     ??zmain_ext_addr?relay:
   \   000000   12....       LCALL   ?BDISPATCH
   \   000003   ......       DC24    zmain_ext_addr

   \                                 In  segment XDATA_ROM_C, align 1
   \                     `?<Constant {255, 255, 255, 255, 255, 255, 255,`:
   \   000000   FF           DB 255
   \   000001   FF           DB 255
   \   000002   FF           DB 255
   \   000003   FF           DB 255
   \   000004   FF           DB 255
   \   000005   FF           DB 255
   \   000006   FF           DB 255
   \   000007   FF           DB 255
    243          
    244          #if defined ZCL_KEY_ESTABLISH
    245          /**************************************************************************************************
    246           * @fn          zmain_cert_init
    247           *
    248           * @brief       Initialize the Certicom certificate information.
    249           *
    250           * input parameters
    251           *
    252           * None.
    253           *
    254           * output parameters
    255           *
    256           * None.
    257           *
    258           * @return      None.
    259           **************************************************************************************************
    260           */
    261          static void zmain_cert_init(void)
    262          {
    263            uint8 certData[ZCL_KE_IMPLICIT_CERTIFICATE_LEN];
    264            uint8 nullData[ZCL_KE_IMPLICIT_CERTIFICATE_LEN] = {
    265              0xFF, 0xFF, 0xFF, 0xFF, 0xFF, 0xFF, 0xFF, 0xFF,
    266              0xFF, 0xFF, 0xFF, 0xFF, 0xFF, 0xFF, 0xFF, 0xFF,
    267              0xFF, 0xFF, 0xFF, 0xFF, 0xFF, 0xFF, 0xFF, 0xFF,
    268              0xFF, 0xFF, 0xFF, 0xFF, 0xFF, 0xFF, 0xFF, 0xFF,
    269              0xFF, 0xFF, 0xFF, 0xFF, 0xFF, 0xFF, 0xFF, 0xFF,
    270              0xFF, 0xFF, 0xFF, 0xFF, 0xFF, 0xFF, 0xFF, 0xFF
    271            };
    272          
    273            (void)osal_nv_item_init(ZCD_NV_IMPLICIT_CERTIFICATE, ZCL_KE_IMPLICIT_CERTIFICATE_LEN, NULL);
    274            (void)osal_nv_item_init(ZCD_NV_DEVICE_PRIVATE_KEY, ZCL_KE_DEVICE_PRIVATE_KEY_LEN, NULL);
    275          
    276            // First check whether non-null certificate data exists in the OSAL NV. To save on code space,
    277            // just use the ZCD_NV_CA_PUBLIC_KEY as the bellwether for all three.
    278            if ((SUCCESS != osal_nv_item_init(ZCD_NV_CA_PUBLIC_KEY, ZCL_KE_CA_PUBLIC_KEY_LEN, NULL))    ||
    279                (SUCCESS != osal_nv_read(ZCD_NV_CA_PUBLIC_KEY, 0, ZCL_KE_CA_PUBLIC_KEY_LEN, certData))  ||
    280                (osal_memcmp(certData, nullData, ZCL_KE_CA_PUBLIC_KEY_LEN)))
    281            {
    282              // Attempt to read the certificate data from its corresponding location on the lock bits page.
    283              HalFlashRead(HAL_FLASH_IEEE_PAGE, HAL_FLASH_CA_PUBLIC_KEY_OSET, certData,
    284                                                   ZCL_KE_CA_PUBLIC_KEY_LEN);
    285              // If the certificate data is not NULL, use it to update the corresponding NV items.
    286              if (!osal_memcmp(certData, nullData, ZCL_KE_CA_PUBLIC_KEY_LEN))
    287              {
    288                (void)osal_nv_write(ZCD_NV_CA_PUBLIC_KEY, 0, ZCL_KE_CA_PUBLIC_KEY_LEN, certData);
    289                HalFlashRead(HAL_FLASH_IEEE_PAGE, HAL_FLASH_IMPLICIT_CERT_OSET, certData,
    290                                                     ZCL_KE_IMPLICIT_CERTIFICATE_LEN);
    291                (void)osal_nv_write(ZCD_NV_IMPLICIT_CERTIFICATE, 0,
    292                                    ZCL_KE_IMPLICIT_CERTIFICATE_LEN, certData);
    293                HalFlashRead(HAL_FLASH_IEEE_PAGE, HAL_FLASH_DEV_PRIVATE_KEY_OSET, certData,
    294                                                  ZCL_KE_DEVICE_PRIVATE_KEY_LEN);
    295                (void)osal_nv_write(ZCD_NV_DEVICE_PRIVATE_KEY, 0, ZCL_KE_DEVICE_PRIVATE_KEY_LEN, certData);
    296              }
    297            }
    298          }
    299          #endif
    300          
    301          /**************************************************************************************************
    302           * @fn          zmain_dev_info
    303           *
    304           * @brief       This displays the IEEE (MSB to LSB) on the LCD.
    305           *
    306           * input parameters
    307           *
    308           * None.
    309           *
    310           * output parameters
    311           *
    312           * None.
    313           *
    314           * @return      None.
    315           **************************************************************************************************
    316           */
    317          static void zmain_dev_info(void)
    318          {
    319          #ifdef LCD_SUPPORTED
    320            uint8 i;
    321            uint8 *xad;
    322            uint8 lcd_buf[Z_EXTADDR_LEN*2+1];
    323          
    324            // Display the extended address.
    325            xad = aExtendedAddress + Z_EXTADDR_LEN - 1;
    326          
    327            for (i = 0; i < Z_EXTADDR_LEN*2; xad--)
    328            {
    329              uint8 ch;
    330              ch = (*xad >> 4) & 0x0F;
    331              lcd_buf[i++] = ch + (( ch < 10 ) ? '0' : '7');
    332              ch = *xad & 0x0F;
    333              lcd_buf[i++] = ch + (( ch < 10 ) ? '0' : '7');
    334            }
    335            lcd_buf[Z_EXTADDR_LEN*2] = '\0';
    336            HalLcdWriteString( "IEEE: ", HAL_LCD_LINE_1 );
    337            HalLcdWriteString( (char*)lcd_buf, HAL_LCD_LINE_2 );
    338          #endif
    339          }
    340          
    341          #ifdef LCD_SUPPORTED
    342          /*********************************************************************
    343           * @fn      zmain_lcd_init
    344           * @brief   Initialize LCD at start up.
    345           * @return  none
    346           *********************************************************************/
    347          static void zmain_lcd_init ( void )
    348          {
    349          #ifdef SERIAL_DEBUG_SUPPORTED
    350            {
    351              HalLcdWriteString( "TexasInstruments", HAL_LCD_LINE_1 );
    352          
    353          #if defined( MT_MAC_FUNC )
    354          #if defined( ZDO_COORDINATOR )
    355                HalLcdWriteString( "MAC-MT Coord", HAL_LCD_LINE_2 );
    356          #else
    357                HalLcdWriteString( "MAC-MT Device", HAL_LCD_LINE_2 );
    358          #endif // ZDO
    359          #elif defined( MT_NWK_FUNC )
    360          #if defined( ZDO_COORDINATOR )
    361                HalLcdWriteString( "NWK Coordinator", HAL_LCD_LINE_2 );
    362          #else
    363                HalLcdWriteString( "NWK Device", HAL_LCD_LINE_2 );
    364          #endif // ZDO
    365          #endif // MT_FUNC
    366            }
    367          #endif // SERIAL_DEBUG_SUPPORTED
    368          }
    369          #endif
    370          
    371          /*********************************************************************
    372          *********************************************************************/

   Maximum stack usage in bytes:

     Function                 ISTACK PSTACK XSTACK
     --------                 ------ ------ ------
     main                         0      0      0
       -> osal_int_disable        0      0      0
       -> MAC_RfFrontendSetup     0      0      0
       -> HalAdcCheckVdd          0      0      0
       -> InitBoard               0      0      0
       -> HalDriverInit           0      0      0
       -> osal_nv_init            0      0      0
       -> znpTestRF               0      0      0
       -> ZMacInit                0      0      0
       -> zmain_ext_addr          0      0      0
       -> zgInit                  0      0      0
       -> osal_init_system        0      0      0
       -> osal_int_enable         0      0      0
       -> InitBoard               0      0      0
       -> osal_start_znp          0      0      0
     zmain_ext_addr               2      0     23
       -> osal_nv_item_init       0      0     42
       -> osal_nv_read            0      0     46
       -> osal_memcmp             0      0     44
       -> HalFlashRead            0      0     42
       -> osal_memcmp             0      0     44
       -> osal_memcmp             0      0     44
       -> osal_memcpy             0      0     44
       -> osal_rand               0      0     38
       -> osal_nv_write           0      0     46
       -> ZMacSetReq              0      0     38


   Segment part sizes:

     Function/Label                                 Bytes
     --------------                                 -----
     P0INP                                             1
     SLEEPSTA                                          1
     CLKCONSTA                                         1
     SLEEPCMD                                          1
     CLKCONCMD                                         1
     P0DIR                                             1
     P1DIR                                             1
     main                                            124
     zmain_ext_addr                                  381
     ?Subroutine0                                     15
     ??main?relay                                      6
     ??zmain_ext_addr?relay                            6
     ?<Constant {255, 255, 255, 255, 255, 255, 255,    8

 
 520 bytes in segment BANKED_CODE
  12 bytes in segment BANK_RELAYS
   7 bytes in segment SFR_AN
   8 bytes in segment XDATA_ROM_C
 
 532 bytes of CODE  memory
   8 bytes of CONST memory
   0 bytes of DATA  memory (+ 7 bytes shared)

Errors: none
Warnings: none
