###############################################################################
#                                                                             #
# IAR C/C++ Compiler V8.10.1.10194/W32 for 8051         20/Feb/2014  17:19:05 #
# Copyright 2004-2011 IAR Systems AB.                                         #
#                                                                             #
#    Core               =  plain                                              #
#    Code model         =  banked                                             #
#    Data model         =  large                                              #
#    Calling convention =  xdata reentrant                                    #
#    Constant location  =  data_rom                                           #
#    Dptr setup         =  1,16                                               #
#    Source file        =  Z:\Designs\ZigbeeTI\CODE\work\Projects\zstack\ZMai #
#                          n\TI2530DB\OnBoard.c                               #
#    Command line       =  -f Z:\Designs\ZigbeeTI\CODE\work\Projects\zstack\S #
#                          amples\GenericApp\CC2530DB\..\..\..\Tools\CC2530DB #
#                          \f8wRouter.cfg (-DCPU32MHZ -DROOT=__near_func      #
#                          -DMAC_CFG_APP_PENDING_QUEUE=TRUE                   #
#                          -DMAC_CFG_TX_DATA_MAX=5 -DMAC_CFG_TX_MAX=8         #
#                          -DMAC_CFG_RX_MAX=5 -DRTR_NWK) -f                   #
#                          Z:\Designs\ZigbeeTI\CODE\work\Projects\zstack\Samp #
#                          les\GenericApp\CC2530DB\..\..\..\Tools\CC2530DB\f8 #
#                          wConfig.cfg (-DZIGBEEPRO -DSECURE=0                #
#                          -DZG_SECURE_DYNAMIC=0 -DREFLECTOR                  #
#                          -DDEFAULT_CHANLIST=0x00002000                      #
#                          -DZDAPP_CONFIG_PAN_ID=0xFFFF                       #
#                          -DNWK_START_DELAY=100 -DEXTENDED_JOINING_RANDOM_MA #
#                          SK=0x007F -DBEACON_REQUEST_DELAY=100               #
#                          -DBEACON_REQ_DELAY_MASK=0x00FF                     #
#                          -DLINK_STATUS_JITTER_MASK=0x007F                   #
#                          -DROUTE_EXPIRY_TIME=30 -DAPSC_ACK_WAIT_DURATION_PO #
#                          LLED=3000 -DNWK_INDIRECT_MSG_TIMEOUT=7             #
#                          -DMAX_RREQ_ENTRIES=8 -DAPSC_MAX_FRAME_RETRIES=3    #
#                          -DNWK_MAX_DATA_RETRIES=2                           #
#                          -DMAX_POLL_FAILURE_RETRIES=2 -DMAX_BCAST=9         #
#                          -DAPS_MAX_GROUPS=16 -DMAX_RTG_ENTRIES=40           #
#                          -DNWK_MAX_BINDING_ENTRIES=4                        #
#                          -DMAX_BINDING_CLUSTER_IDS=4 "-DDEFAULT_KEY={0x01,  #
#                          0x03, 0x05, 0x07, 0x09, 0x0B, 0x0D, 0x0F, 0x00,    #
#                          0x02, 0x04, 0x06, 0x08, 0x0A, 0x0C, 0x0D}"         #
#                          -DMAC_MAX_FRAME_SIZE=116                           #
#                          -DZDNWKMGR_MIN_TRANSMISSIONS=20 "-DCONST=const     #
#                          __code" -DGENERIC=__generic                        #
#                          -DRFD_RCVC_ALWAYS_ON=FALSE -DPOLL_RATE=1000        #
#                          -DQUEUED_POLL_RATE=100 -DRESPONSE_POLL_RATE=100)   #
#                          -DREJOIN_POLL_RATE=440 Z:\Designs\ZigbeeTI\CODE\wo #
#                          rk\Projects\zstack\ZMain\TI2530DB\OnBoard.c -D     #
#                          ZTOOL_P1 -D xNV_RESTORE -D START_ROUTER -D         #
#                          NV_INIT -D ZIGBEE_FREQ_AGILITY -D                  #
#                          ZIGBEE_PANID_CONFLICT -lC                          #
#                          Z:\Designs\ZigbeeTI\CODE\work\Projects\zstack\Samp #
#                          les\GenericApp\CC2530DB\RouterEB\List\ -lA         #
#                          Z:\Designs\ZigbeeTI\CODE\work\Projects\zstack\Samp #
#                          les\GenericApp\CC2530DB\RouterEB\List\             #
#                          --diag_suppress Pe001,Pa010 -o                     #
#                          Z:\Designs\ZigbeeTI\CODE\work\Projects\zstack\Samp #
#                          les\GenericApp\CC2530DB\RouterEB\Obj\ -e           #
#                          --no_code_motion --debug --core=plain --dptr=16,1  #
#                          --data_model=large --code_model=banked             #
#                          --calling_convention=xdata_reentrant               #
#                          --place_constants=data_rom --nr_virtual_regs 16    #
#                          -I Z:\Designs\ZigbeeTI\CODE\work\Projects\zstack\S #
#                          amples\GenericApp\CC2530DB\ -I                     #
#                          Z:\Designs\ZigbeeTI\CODE\work\Projects\zstack\Samp #
#                          les\GenericApp\CC2530DB\..\Source\ -I              #
#                          Z:\Designs\ZigbeeTI\CODE\work\Projects\zstack\Samp #
#                          les\GenericApp\CC2530DB\..\..\..\ZMain\TI2530DB\   #
#                          -I Z:\Designs\ZigbeeTI\CODE\work\Projects\zstack\S #
#                          amples\GenericApp\CC2530DB\..\..\..\..\..\Componen #
#                          ts\hal\include\ -I Z:\Designs\ZigbeeTI\CODE\work\P #
#                          rojects\zstack\Samples\GenericApp\CC2530DB\..\..\. #
#                          .\..\..\Components\hal\target\CC2530EB\ -I         #
#                          Z:\Designs\ZigbeeTI\CODE\work\Projects\zstack\Samp #
#                          les\GenericApp\CC2530DB\..\..\..\..\..\Components\ #
#                          mac\include\ -I Z:\Designs\ZigbeeTI\CODE\work\Proj #
#                          ects\zstack\Samples\GenericApp\CC2530DB\..\..\..\. #
#                          .\..\Components\mac\high_level\ -I                 #
#                          Z:\Designs\ZigbeeTI\CODE\work\Projects\zstack\Samp #
#                          les\GenericApp\CC2530DB\..\..\..\..\..\Components\ #
#                          mac\low_level\srf04\ -I Z:\Designs\ZigbeeTI\CODE\w #
#                          ork\Projects\zstack\Samples\GenericApp\CC2530DB\.. #
#                          \..\..\..\..\Components\mac\low_level\srf04\single #
#                          _chip\ -I Z:\Designs\ZigbeeTI\CODE\work\Projects\z #
#                          stack\Samples\GenericApp\CC2530DB\..\..\..\..\..\C #
#                          omponents\mt\ -I Z:\Designs\ZigbeeTI\CODE\work\Pro #
#                          jects\zstack\Samples\GenericApp\CC2530DB\..\..\..\ #
#                          ..\..\Components\osal\include\ -I                  #
#                          Z:\Designs\ZigbeeTI\CODE\work\Projects\zstack\Samp #
#                          les\GenericApp\CC2530DB\..\..\..\..\..\Components\ #
#                          services\saddr\ -I Z:\Designs\ZigbeeTI\CODE\work\P #
#                          rojects\zstack\Samples\GenericApp\CC2530DB\..\..\. #
#                          .\..\..\Components\services\sdata\ -I              #
#                          Z:\Designs\ZigbeeTI\CODE\work\Projects\zstack\Samp #
#                          les\GenericApp\CC2530DB\..\..\..\..\..\Components\ #
#                          stack\af\ -I Z:\Designs\ZigbeeTI\CODE\work\Project #
#                          s\zstack\Samples\GenericApp\CC2530DB\..\..\..\..\. #
#                          .\Components\stack\nwk\ -I                         #
#                          Z:\Designs\ZigbeeTI\CODE\work\Projects\zstack\Samp #
#                          les\GenericApp\CC2530DB\..\..\..\..\..\Components\ #
#                          stack\sapi\ -I Z:\Designs\ZigbeeTI\CODE\work\Proje #
#                          cts\zstack\Samples\GenericApp\CC2530DB\..\..\..\.. #
#                          \..\Components\stack\sec\ -I                       #
#                          Z:\Designs\ZigbeeTI\CODE\work\Projects\zstack\Samp #
#                          les\GenericApp\CC2530DB\..\..\..\..\..\Components\ #
#                          stack\sys\ -I Z:\Designs\ZigbeeTI\CODE\work\Projec #
#                          ts\zstack\Samples\GenericApp\CC2530DB\..\..\..\..\ #
#                          ..\Components\stack\zdo\ -I                        #
#                          Z:\Designs\ZigbeeTI\CODE\work\Projects\zstack\Samp #
#                          les\GenericApp\CC2530DB\..\..\..\..\..\Components\ #
#                          zmac\ -I Z:\Designs\ZigbeeTI\CODE\work\Projects\zs #
#                          tack\Samples\GenericApp\CC2530DB\..\..\..\..\..\Co #
#                          mponents\zmac\f8w\ -Ohz --require_prototypes       #
#    List file          =  Z:\Designs\ZigbeeTI\CODE\work\Projects\zstack\Samp #
#                          les\GenericApp\CC2530DB\RouterEB\List\OnBoard.lst  #
#    Object file        =  Z:\Designs\ZigbeeTI\CODE\work\Projects\zstack\Samp #
#                          les\GenericApp\CC2530DB\RouterEB\Obj\OnBoard.r51   #
#                                                                             #
#                                                                             #
###############################################################################

Z:\Designs\ZigbeeTI\CODE\work\Projects\zstack\ZMain\TI2530DB\OnBoard.c
      1          /**************************************************************************************************
      2            Filename:       OnBoard.c
      3            Revised:        $Date: 2012-03-29 12:09:02 -0700 (Thu, 29 Mar 2012) $
      4            Revision:       $Revision: 29943 $
      5          
      6            Description:    This file contains the UI and control for the
      7                            peripherals on the EVAL development board
      8            Notes:          This file targets the Chipcon CC2530/31
      9          
     10          
     11            Copyright 2005-2010 Texas Instruments Incorporated. All rights reserved.
     12          
     13            IMPORTANT: Your use of this Software is limited to those specific rights
     14            granted under the terms of a software license agreement between the user
     15            who downloaded the software, his/her employer (which must be your employer)
     16            and Texas Instruments Incorporated (the "License").  You may not use this
     17            Software unless you agree to abide by the terms of the License. The License
     18            limits your use, and you acknowledge, that the Software may not be modified,
     19            copied or distributed unless embedded on a Texas Instruments microcontroller
     20            or used solely and exclusively in conjunction with a Texas Instruments radio
     21            frequency transceiver, which is integrated into your product.  Other than for
     22            the foregoing purpose, you may not use, reproduce, copy, prepare derivative
     23            works of, modify, distribute, perform, display or sell this Software and/or
     24            its documentation for any purpose.
     25          
     26            YOU FURTHER ACKNOWLEDGE AND AGREE THAT THE SOFTWARE AND DOCUMENTATION ARE
     27            PROVIDED “AS IS?WITHOUT WARRANTY OF ANY KIND, EITHER EXPRESS OR IMPLIED,
     28            INCLUDING WITHOUT LIMITATION, ANY WARRANTY OF MERCHANTABILITY, TITLE,
     29            NON-INFRINGEMENT AND FITNESS FOR A PARTICULAR PURPOSE. IN NO EVENT SHALL
     30            TEXAS INSTRUMENTS OR ITS LICENSORS BE LIABLE OR OBLIGATED UNDER CONTRACT,
     31            NEGLIGENCE, STRICT LIABILITY, CONTRIBUTION, BREACH OF WARRANTY, OR OTHER
     32            LEGAL EQUITABLE THEORY ANY DIRECT OR INDIRECT DAMAGES OR EXPENSES
     33            INCLUDING BUT NOT LIMITED TO ANY INCIDENTAL, SPECIAL, INDIRECT, PUNITIVE
     34            OR CONSEQUENTIAL DAMAGES, LOST PROFITS OR LOST DATA, COST OF PROCUREMENT
     35            OF SUBSTITUTE GOODS, TECHNOLOGY, SERVICES, OR ANY CLAIMS BY THIRD PARTIES
     36            (INCLUDING BUT NOT LIMITED TO ANY DEFENSE THEREOF), OR OTHER SIMILAR COSTS.
     37          
     38            Should you have any questions regarding your right to use this Software,
     39            contact Texas Instruments Incorporated at www.TI.com.
     40          **************************************************************************************************/
     41          
     42          /*********************************************************************
     43           * INCLUDES
     44           */
     45          
     46          #include "ZComDef.h"
     47          #include "ZGlobals.h"
     48          #include "OnBoard.h"

   \                                 In  segment SFR_AN, at 0x9d
   \   unsigned char volatile __sfr SLEEPSTA
   \                     SLEEPSTA:
   \   000000                DS 1

   \                                 In  segment SFR_AN, at 0xa8
   \   union <unnamed> volatile __sfr _A_IEN0
   \                     _A_IEN0:
   \   000000                DS 1

   \                                 In  segment SFR_AN, at 0xc9
   \   unsigned char volatile __sfr WDCTL
   \                     WDCTL:
   \   000000                DS 1

   \                                 In  segment SFR_AN, at 0xd6
   \   unsigned char volatile __sfr DMAARM
   \                     DMAARM:
   \   000000                DS 1
     49          #include "OSAL.h"
     50          #include "MT.h"
     51          #include "MT_SYS.h"
     52          #include "DebugTrace.h"
     53          
     54          /* Hal */
     55          #include "hal_lcd.h"
     56          #include "hal_mcu.h"
     57          #include "hal_timer.h"
     58          #include "hal_key.h"
     59          #include "hal_led.h"
     60          
     61          /* Allow access macRandomByte() */
     62          #include "mac_radio_defs.h"
     63          
     64          #include "NLMEDE.h"
     65          #include "OSAL_Nv.h"
     66          
     67          /*********************************************************************
     68           * CONSTANTS
     69           */
     70          
     71          // Task ID not initialized
     72          #define NO_TASK_ID 0xFF
     73          
     74          // Minimum length RAM "pattern" for Stack check
     75          #define MIN_RAM_INIT 12
     76          
     77          /*********************************************************************
     78           * GLOBAL VARIABLES
     79           */
     80          #if 0
     81          #ifndef MAKE_CRC_SHDW
     82            #define MAKE_CRC_SHDW
     83          #endif
     84          #endif
     85          
     86          #if defined MAKE_CRC_SHDW
     87          #pragma location="CRC_SHDW"
     88          #if defined START_ROUTER
     89            const CODE uint16 _crcShdw = 0xfde0;
     90          #else
     91            const CODE uint16 _crcShdw = 0x8666;
     92          #endif
     93          #pragma required=_crcShdw
     94          
     95          #else  // if !defined MAKE_CRC_SHDW
     96          
     97          #pragma location="LOCK_BITS_ADDRESS_SPACE"

   \                                 In  segment LOCK_BITS_ADDRESS_SPACE, align 1
     98          __no_init uint8 _lockBits[16];
   \                     _lockBits:
   \   000000                DS 16
     99          #pragma required=_lockBits
    100          
    101          #if defined ZCL_KEY_ESTABLISH
    102          #include "zcl_cert_data.c"
    103          #else
    104          #pragma location="IEEE_ADDRESS_SPACE"

   \                                 In  segment IEEE_ADDRESS_SPACE, align 1
    105          __no_init uint8 _nvIEEE[Z_EXTADDR_LEN];
   \                     _nvIEEE:
   \   000000                DS 8
   \   000008                REQUIRE _lockBits
    106          #pragma required=_nvIEEE
    107          #endif
    108          
    109          #pragma location="RESERVED_ADDRESS_SPACE"

   \                                 In  segment RESERVED_ADDRESS_SPACE, align 1
    110          __no_init uint8 _reserved[1932];
   \                     _reserved:
   \   000000                DS 1932
   \   00078C                REQUIRE _nvIEEE
    111          #pragma required=_reserved
    112          #endif
    113          
    114          // 64-bit Extended Address of this device

   \                                 In  segment XDATA_Z, align 1, keep-with-next
    115          uint8 aExtendedAddress[8];
   \                     aExtendedAddress:
   \   000000                DS 8
   \   000008                REQUIRE __INIT_XDATA_Z
   \   000008                REQUIRE _reserved
    116          
    117          /*********************************************************************
    118           * LOCAL VARIABLES
    119           */
    120          
    121          // Registered keys task ID, initialized to NOT USED.

   \                                 In  segment XDATA_I, align 1, keep-with-next
    122          static uint8 registeredKeysTaskID = NO_TASK_ID;
   \                     registeredKeysTaskID:
   \   000000                DS 1
   \   000001                REQUIRE `?<Initializer for registeredKeysTaskID>`
   \   000001                REQUIRE __INIT_XDATA_I
    123          
    124          /*********************************************************************
    125           * LOCAL FUNCTIONS
    126           */
    127          
    128          static void ChkReset( void );
    129          
    130          /*********************************************************************
    131           * @fn      InitBoard()
    132           * @brief   Initialize the CC2420DB Board Peripherals
    133           * @param   level: COLD,WARM,READY
    134           * @return  None
    135           */

   \                                 In  segment BANKED_CODE, align 1, keep-with-next
    136          void InitBoard( uint8 level )
   \                     InitBoard:
    137          {
   \   000000   74F7         MOV     A,#-0x9
   \   000002   12....       LCALL   ?BANKED_ENTER_XDATA
   \   000005                ; Saved register size: 9
   \   000005                ; Auto size: 0
   \   000005   E9           MOV     A,R1
    138            if ( level == OB_COLD )
   \   000006   7020         JNZ     ??InitBoard_0
    139            {
    140              // IAR does not zero-out this byte below the XSTACK.
    141              *(uint8 *)0x0 = 0;
   \   000008   900000       MOV     DPTR,#0x0
   \   00000B   E4           CLR     A
   \   00000C   F0           MOVX    @DPTR,A
    142              // Interrupts off
    143              osal_int_disable( INTS_ALL );
   \   00000D                ; Setup parameters for call to function osal_int_disable
   \   00000D   79FF         MOV     R1,#-0x1
   \   00000F   12....       LCALL   ??osal_int_disable?relay
    144              // Check for Brown-Out reset
    145              ChkReset();
   \   000012   E59D         MOV     A,0x9d
   \   000014   5418         ANL     A,#0x18
   \   000016   F8           MOV     R0,A
   \   000017   6018         JZ      ??InitBoard_1
   \   000019   7408         MOV     A,#0x8
   \   00001B   68           XRL     A,R0
   \   00001C   6013         JZ      ??InitBoard_1
   \   00001E   7410         MOV     A,#0x10
   \   000020   68           XRL     A,R0
   \   000021   600E         JZ      ??InitBoard_1
   \   000023                ; Setup parameters for call to function halAssertHandler
   \   000023   12....       LCALL   ??halAssertHandler?relay
   \   000026   8009         SJMP    ??InitBoard_1
    146            }
    147            else  // !OB_COLD
    148            {
    149              /* Initialize Key stuff */
    150              HalKeyConfig(HAL_KEY_INTERRUPT_DISABLE, OnBoard_KeyCallback);
   \                     ??InitBoard_0:
   \   000028                ; Setup parameters for call to function HalKeyConfig
   \   000028   7A..         MOV     R2,#??OnBoard_KeyCallback?relay & 0xff
   \   00002A   7B..         MOV     R3,#(??OnBoard_KeyCallback?relay >> 8) & 0xff
   \   00002C   7900         MOV     R1,#0x0
   \   00002E   12....       LCALL   ??HalKeyConfig?relay
    151            }
    152          }
   \                     ??InitBoard_1:
   \   000031                REQUIRE ?Subroutine0
   \   000031                REQUIRE SLEEPSTA
   \   000031                ; // Fall through to label ?Subroutine0

   \                                 In  segment BANKED_CODE, align 1, keep-with-next
   \                     ?Subroutine0:
   \   000000   7F01         MOV     R7,#0x1
   \   000002   02....       LJMP    ?BANKED_LEAVE_XDATA
    153          
    154          /*********************************************************************
    155           * @fn      ChkReset()
    156           * @brief   Check reset bits - if reset cause is unknown, assume a
    157           *          brown-out (low power), assume batteries are not reliable,
    158           *          hang in a loop and sequence through the LEDs.
    159           * @param   None
    160           * @return  None
    161           *********************************************************************/
    162          void ChkReset( void )
    163          {
    164            uint8 rib;
    165          
    166            // Isolate reset indicator bits
    167            rib = SLEEPSTA & LRESET;
    168          
    169            if ( rib == RESETPO )
    170            {
    171              // Put code here to handle Power-On reset
    172            }
    173            else if ( rib == RESETEX )
    174            {
    175              // Put code here to handle External reset
    176            }
    177            else if ( rib == RESETWD )
    178            {
    179              // Put code here to handle WatchDog reset
    180            }
    181            else  // Unknown reason - not expected.
    182            {
    183              HAL_ASSERT(0);
    184            }
    185          }
    186          
    187          /*********************************************************************
    188           *                        "Keyboard" Support
    189           *********************************************************************/
    190          
    191          /*********************************************************************
    192           * Keyboard Register function
    193           *
    194           * The keyboard handler is setup to send all keyboard changes to
    195           * one task (if a task is registered).
    196           *
    197           * If a task registers, it will get all the keys. You can change this
    198           * to register for individual keys.
    199           *********************************************************************/

   \                                 In  segment BANKED_CODE, align 1, keep-with-next
    200          uint8 RegisterForKeys( uint8 task_id )
   \                     RegisterForKeys:
    201          {
   \   000000   C082         PUSH    DPL
   \   000002   C083         PUSH    DPH
   \   000004                ; Saved register size: 2
   \   000004                ; Auto size: 0
   \   000004   E9           MOV     A,R1
   \   000005   F8           MOV     R0,A
    202            // Allow only the first task
    203            if ( registeredKeysTaskID == NO_TASK_ID )
   \   000006   90....       MOV     DPTR,#registeredKeysTaskID
   \   000009   E0           MOVX    A,@DPTR
   \   00000A   F4           CPL     A
   \   00000B   7006         JNZ     ??RegisterForKeys_0
    204            {
    205              registeredKeysTaskID = task_id;
   \   00000D   E8           MOV     A,R0
   \   00000E   F0           MOVX    @DPTR,A
    206              return ( true );
   \   00000F   7901         MOV     R1,#0x1
   \   000011   8002         SJMP    ??RegisterForKeys_1
    207            }
    208            else
    209              return ( false );
   \                     ??RegisterForKeys_0:
   \   000013   7900         MOV     R1,#0x0
   \                     ??RegisterForKeys_1:
   \   000015                REQUIRE ?Subroutine1
   \   000015                ; // Fall through to label ?Subroutine1
    210          }

   \                                 In  segment BANKED_CODE, align 1, keep-with-next
   \                     ?Subroutine1:
   \   000000   D083         POP     DPH
   \   000002   D082         POP     DPL
   \   000004   02....       LJMP    ?BRET
    211          
    212          /*********************************************************************
    213           * @fn      OnBoard_SendKeys
    214           *
    215           * @brief   Send "Key Pressed" message to application.
    216           *
    217           * @param   keys  - keys that were pressed
    218           *          state - shifted
    219           *
    220           * @return  status
    221           *********************************************************************/

   \                                 In  segment BANKED_CODE, align 1, keep-with-next
    222          uint8 OnBoard_SendKeys( uint8 keys, uint8 state )
   \                     OnBoard_SendKeys:
    223          {
   \   000000   74F6         MOV     A,#-0xa
   \   000002   12....       LCALL   ?BANKED_ENTER_XDATA
   \   000005                ; Saved register size: 10
   \   000005                ; Auto size: 0
   \   000005   E9           MOV     A,R1
   \   000006   FE           MOV     R6,A
   \   000007   EA           MOV     A,R2
   \   000008   FF           MOV     R7,A
    224            keyChange_t *msgPtr;
    225          
    226            if ( registeredKeysTaskID != NO_TASK_ID )
   \   000009   90....       MOV     DPTR,#registeredKeysTaskID
   \   00000C   E0           MOVX    A,@DPTR
   \   00000D   F4           CPL     A
   \   00000E   602B         JZ      ??OnBoard_SendKeys_0
    227            {
    228              // Send the address to the task
    229              msgPtr = (keyChange_t *)osal_msg_allocate( sizeof(keyChange_t) );
   \   000010                ; Setup parameters for call to function osal_msg_allocate
   \   000010   7A04         MOV     R2,#0x4
   \   000012   7B00         MOV     R3,#0x0
   \   000014   12....       LCALL   ??osal_msg_allocate?relay
    230              if ( msgPtr )
   \   000017   EA           MOV     A,R2
   \   000018   4B           ORL     A,R3
   \   000019   601C         JZ      ??OnBoard_SendKeys_1
    231              {
    232                msgPtr->hdr.event = KEY_CHANGE;
   \   00001B   8A82         MOV     DPL,R2
   \   00001D   8B83         MOV     DPH,R3
   \   00001F   74C0         MOV     A,#-0x40
   \   000021   F0           MOVX    @DPTR,A
    233                msgPtr->state = state;
   \   000022   EF           MOV     A,R7
   \   000023   A3           INC     DPTR
   \   000024   A3           INC     DPTR
   \   000025   F0           MOVX    @DPTR,A
    234                msgPtr->keys = keys;
   \   000026   EE           MOV     A,R6
   \   000027   8A82         MOV     DPL,R2
   \   000029   8B83         MOV     DPH,R3
   \   00002B   A3           INC     DPTR
   \   00002C   A3           INC     DPTR
   \   00002D   A3           INC     DPTR
   \   00002E   F0           MOVX    @DPTR,A
    235          
    236                osal_msg_send( registeredKeysTaskID, (uint8 *)msgPtr );
   \   00002F                ; Setup parameters for call to function osal_msg_send
   \   00002F   90....       MOV     DPTR,#registeredKeysTaskID
   \   000032   E0           MOVX    A,@DPTR
   \   000033   F9           MOV     R1,A
   \   000034   12....       LCALL   ??osal_msg_send?relay
    237              }
    238              return ( ZSuccess );
   \                     ??OnBoard_SendKeys_1:
   \   000037   7900         MOV     R1,#0x0
   \   000039   8002         SJMP    ??OnBoard_SendKeys_2
    239            }
    240            else
    241              return ( ZFailure );
   \                     ??OnBoard_SendKeys_0:
   \   00003B   7901         MOV     R1,#0x1
   \                     ??OnBoard_SendKeys_2:
   \   00003D   7F02         MOV     R7,#0x2
   \   00003F   02....       LJMP    ?BANKED_LEAVE_XDATA
    242          }
    243          
    244          /*********************************************************************
    245           * @fn      OnBoard_KeyCallback
    246           *
    247           * @brief   Callback service for keys
    248           *
    249           * @param   keys  - keys that were pressed
    250           *          state - shifted
    251           *
    252           * @return  void
    253           *********************************************************************/

   \                                 In  segment BANKED_CODE, align 1, keep-with-next
    254          void OnBoard_KeyCallback ( uint8 keys, uint8 state )
   \                     OnBoard_KeyCallback:
    255          {
   \   000000   74F7         MOV     A,#-0x9
   \   000002   12....       LCALL   ?BANKED_ENTER_XDATA
   \   000005                ; Saved register size: 9
   \   000005                ; Auto size: 0
   \   000005   E9           MOV     A,R1
    256            uint8 shift;
    257            (void)state;
    258          
    259            shift = (keys & HAL_KEY_SW_6) ? true : false;
    260          
    261            if ( OnBoard_SendKeys( keys, shift ) != ZSuccess )
   \   000006                ; Setup parameters for call to function OnBoard_SendKeys
   \   000006   A2E5         MOV     C,0xE0 /* A   */.5
   \   000008   E4           CLR     A
   \   000009   33           RLC     A
   \   00000A   FA           MOV     R2,A
   \   00000B   12....       LCALL   ??OnBoard_SendKeys?relay
    262            {
    263              // Process SW1 here
    264              if ( keys & HAL_KEY_SW_1 )  // Switch 1
    265              {
    266              }
    267              // Process SW2 here
    268              if ( keys & HAL_KEY_SW_2 )  // Switch 2
    269              {
    270              }
    271              // Process SW3 here
    272              if ( keys & HAL_KEY_SW_3 )  // Switch 3
    273              {
    274              }
    275              // Process SW4 here
    276              if ( keys & HAL_KEY_SW_4 )  // Switch 4
    277              {
    278              }
    279              // Process SW5 here
    280              if ( keys & HAL_KEY_SW_5 )  // Switch 5
    281              {
    282              }
    283              // Process SW6 here
    284              if ( keys & HAL_KEY_SW_6 )  // Switch 6
    285              {
    286              }
    287            }
    288          }
   \   00000E   80..         SJMP    ?Subroutine0
    289          
    290          /*********************************************************************
    291           * @fn      OnBoard_stack_used
    292           *
    293           * @brief   Runs through the stack looking for touched memory.
    294           *
    295           * @param   none
    296           *
    297           * @return  Maximum number of bytes used by the stack.
    298           *********************************************************************/

   \                                 In  segment BANKED_CODE, align 1, keep-with-next
    299          uint16 OnBoard_stack_used(void)
   \                     OnBoard_stack_used:
    300          {
   \   000000   C082         PUSH    DPL
   \   000002   C083         PUSH    DPH
   \   000004                ; Saved register size: 2
   \   000004                ; Auto size: 0
    301            uint8 const *ptr;
    302            uint8 cnt = 0;
   \   000004   7800         MOV     R0,#0x0
    303          
    304            for (ptr = CSTACK_END; ptr > CSTACK_BEG; ptr--)
   \   000006   7582..       MOV     DPL,#(SFE(XSTACK) + 255) & 0xff
   \   000009   7583..       MOV     DPH,#((SFE(XSTACK) - 1) >> 8) & 0xff
   \   00000C   800E         SJMP    ??OnBoard_stack_used_0
    305            {
    306              if (STACK_INIT_VALUE == *ptr)
    307              {
    308                if (++cnt >= MIN_RAM_INIT)
    309                {
    310                  ptr += MIN_RAM_INIT;
    311                  break;
    312                }
    313              }
    314              else
    315              {
    316                cnt = 0;
   \                     ??OnBoard_stack_used_1:
   \   00000E   7800         MOV     R0,#0x0
    317              }
   \                     ??OnBoard_stack_used_2:
   \   000010   E582         MOV     A,DPL
   \   000012   24FF         ADD     A,#-0x1
   \   000014   F582         MOV     DPL,A
   \   000016   E583         MOV     A,DPH
   \   000018   34FF         ADDC    A,#-0x1
   \   00001A   F583         MOV     DPH,A
   \                     ??OnBoard_stack_used_0:
   \   00001C   C3           CLR     C
   \   00001D   74..         MOV     A,#SFB(XSTACK) & 0xff
   \   00001F   9582         SUBB    A,DPL
   \   000021   74..         MOV     A,#(SFB(XSTACK) >> 8) & 0xff
   \   000023   9583         SUBB    A,DPH
   \   000025   5018         JNC     ??OnBoard_stack_used_3
   \   000027   E0           MOVX    A,@DPTR
   \   000028   64CD         XRL     A,#0xcd
   \   00002A   70E2         JNZ     ??OnBoard_stack_used_1
   \   00002C   08           INC     R0
   \   00002D   E8           MOV     A,R0
   \   00002E   C3           CLR     C
   \   00002F   940C         SUBB    A,#0xc
   \   000031   40DD         JC      ??OnBoard_stack_used_2
   \   000033   E582         MOV     A,DPL
   \   000035   240C         ADD     A,#0xc
   \   000037   F582         MOV     DPL,A
   \   000039   E583         MOV     A,DPH
   \   00003B   3400         ADDC    A,#0x0
   \   00003D   F583         MOV     DPH,A
    318            }
    319          
    320            return (uint16)(CSTACK_END - ptr + 1);
   \                     ??OnBoard_stack_used_3:
   \   00003F   74..         MOV     A,#(SFE(XSTACK) + 255) & 0xff
   \   000041   C3           CLR     C
   \   000042   9582         SUBB    A,DPL
   \   000044   F8           MOV     R0,A
   \   000045   74..         MOV     A,#((SFE(XSTACK) - 1) >> 8) & 0xff
   \   000047   9583         SUBB    A,DPH
   \   000049   F9           MOV     R1,A
   \   00004A   E8           MOV     A,R0
   \   00004B   2401         ADD     A,#0x1
   \   00004D   FA           MOV     R2,A
   \   00004E   E9           MOV     A,R1
   \   00004F   3400         ADDC    A,#0x0
   \   000051   FB           MOV     R3,A
   \   000052   02....       LJMP    ?Subroutine1 & 0xFFFF
    321          }
    322          
    323          /*********************************************************************
    324           * @fn      _itoa
    325           *
    326           * @brief   convert a 16bit number to ASCII
    327           *
    328           * @param   num -
    329           *          buf -
    330           *          radix -
    331           *
    332           * @return  void
    333           *
    334           *********************************************************************/

   \                                 In  segment BANKED_CODE, align 1, keep-with-next
    335          void _itoa(uint16 num, uint8 *buf, uint8 radix)
   \                     _itoa:
    336          {
   \   000000   74F2         MOV     A,#-0xe
   \   000002   12....       LCALL   ?BANKED_ENTER_XDATA
   \   000005                ; Saved register size: 14
   \   000005                ; Auto size: 5
   \   000005   74FB         MOV     A,#-0x5
   \   000007   12....       LCALL   ?ALLOC_XSTACK8
   \   00000A   EA           MOV     A,R2
   \   00000B   FE           MOV     R6,A
   \   00000C   EB           MOV     A,R3
   \   00000D   FF           MOV     R7,A
   \   00000E   8C..         MOV     ?V0 + 0,R4
   \   000010   8D..         MOV     ?V0 + 1,R5
   \   000012   89..         MOV     ?V0 + 4,R1
    337            char c,i;
    338            uint8 *p, rst[5];
    339          
    340            p = rst;
   \   000014   85..82       MOV     DPL,?XSP + 0
   \   000017   85..83       MOV     DPH,?XSP + 1
   \   00001A   AC82         MOV     R4,DPL
   \   00001C   AD83         MOV     R5,DPH
    341            for ( i=0; i<5; i++,p++ )
   \   00001E   75..00       MOV     ?V0 + 5,#0x0
    342            {
    343              c = num % radix;  // Isolate a digit
   \                     ??_itoa_0:
   \   000021   EE           MOV     A,R6
   \   000022   F8           MOV     R0,A
   \   000023   EF           MOV     A,R7
   \   000024   F9           MOV     R1,A
   \   000025   85....       MOV     ?V0 + 2,?V0 + 4
   \   000028   AA..         MOV     R2,?V0 + 2
   \   00002A   7B00         MOV     R3,#0x0
   \   00002C   12....       LCALL   ?US_DIV_MOD
   \   00002F   EA           MOV     A,R2
    344              *p = c + (( c < 10 ) ? '0' : '7');  // Convert to Ascii
   \   000030   940A         SUBB    A,#0xa
   \   000032   5004         JNC     ??_itoa_1
   \   000034   7830         MOV     R0,#0x30
   \   000036   8002         SJMP    ??_itoa_2
   \                     ??_itoa_1:
   \   000038   7837         MOV     R0,#0x37
   \                     ??_itoa_2:
   \   00003A   E8           MOV     A,R0
   \   00003B   2A           ADD     A,R2
   \   00003C   8C82         MOV     DPL,R4
   \   00003E   8D83         MOV     DPH,R5
   \   000040   F0           MOVX    @DPTR,A
    345              num /= radix;
   \   000041   EE           MOV     A,R6
   \   000042   F8           MOV     R0,A
   \   000043   EF           MOV     A,R7
   \   000044   F9           MOV     R1,A
   \   000045   AA..         MOV     R2,?V0 + 2
   \   000047   7B00         MOV     R3,#0x0
   \   000049   12....       LCALL   ?US_DIV_MOD
   \   00004C   88..         MOV     ?V0 + 2,R0
   \   00004E   89..         MOV     ?V0 + 3,R1
   \   000050   AE..         MOV     R6,?V0 + 2
   \   000052   AF..         MOV     R7,?V0 + 3
    346              if ( !num )
   \   000054   EE           MOV     A,R6
   \   000055   4F           ORL     A,R7
   \   000056   600D         JZ      ??_itoa_3
    347                break;
    348            }
   \   000058   05..         INC     ?V0 + 5
   \   00005A   A3           INC     DPTR
   \   00005B   AC82         MOV     R4,DPL
   \   00005D   AD83         MOV     R5,DPH
   \   00005F   E5..         MOV     A,?V0 + 5
   \   000061   9405         SUBB    A,#0x5
   \   000063   40BC         JC      ??_itoa_0
    349          
    350            for ( c=0 ; c<=i; c++ )
   \                     ??_itoa_3:
   \   000065   7A00         MOV     R2,#0x0
    351              *buf++ = *p--;  // Reverse character order
   \                     ??_itoa_4:
   \   000067   8C82         MOV     DPL,R4
   \   000069   8D83         MOV     DPH,R5
   \   00006B   E0           MOVX    A,@DPTR
   \   00006C   85..82       MOV     DPL,?V0 + 0
   \   00006F   85..83       MOV     DPH,?V0 + 1
   \   000072   F0           MOVX    @DPTR,A
   \   000073   EC           MOV     A,R4
   \   000074   24FF         ADD     A,#-0x1
   \   000076   1C           DEC     R4
   \   000077   ED           MOV     A,R5
   \   000078   34FF         ADDC    A,#-0x1
   \   00007A   FD           MOV     R5,A
   \   00007B   A3           INC     DPTR
   \   00007C   8582..       MOV     ?V0 + 0,DPL
   \   00007F   8583..       MOV     ?V0 + 1,DPH
   \   000082   0A           INC     R2
   \   000083   E5..         MOV     A,?V0 + 5
   \   000085   C3           CLR     C
   \   000086   9A           SUBB    A,R2
   \   000087   50DE         JNC     ??_itoa_4
    352          
    353            *buf = '\0';
   \   000089   E4           CLR     A
   \   00008A   F0           MOVX    @DPTR,A
    354          }
   \   00008B   7405         MOV     A,#0x5
   \   00008D   12....       LCALL   ?DEALLOC_XSTACK8
   \   000090   7F06         MOV     R7,#0x6
   \   000092   02....       LJMP    ?BANKED_LEAVE_XDATA
    355          
    356          /*********************************************************************
    357           * @fn        Onboard_rand
    358           *
    359           * @brief    Random number generator
    360           *
    361           * @param   none
    362           *
    363           * @return  uint16 - new random number
    364           *
    365           *********************************************************************/

   \                                 In  segment BANKED_CODE, align 1, keep-with-next
    366          uint16 Onboard_rand( void )
   \                     Onboard_rand:
    367          {
   \   000000   C082         PUSH    DPL
   \   000002   C083         PUSH    DPH
   \   000004                ; Saved register size: 2
   \   000004                ; Auto size: 0
    368            return ( MAC_RADIO_RANDOM_WORD() );
   \   000004                ; Setup parameters for call to function macMcuRandomWord
   \   000004   12....       LCALL   ??macMcuRandomWord?relay
   \   000007   02....       LJMP    ?Subroutine1 & 0xFFFF
    369          }
    370          
    371          /*********************************************************************
    372           * @fn        Onboard_wait
    373           *
    374           * @brief    Delay wait
    375           *
    376           * @param   uint16 - time to wait
    377           *
    378           * @return  none
    379           *
    380           *********************************************************************/

   \                                 In  segment BANKED_CODE, align 1, keep-with-next
    381          void Onboard_wait( uint16 timeout )
   \                     Onboard_wait:
    382          {
   \   000000                ; Saved register size: 0
   \   000000                ; Auto size: 0
   \   000000   8003         SJMP    ??Onboard_wait_0
    383            while (timeout--)
    384            {
    385              asm("NOP");
   \                     ??Onboard_wait_1:
   \   000002   00           NOP
    386              asm("NOP");
   \   000003   00           NOP
    387              asm("NOP");
   \   000004   00           NOP
    388            }
   \                     ??Onboard_wait_0:
   \   000005   EA           MOV     A,R2
   \   000006   F8           MOV     R0,A
   \   000007   EB           MOV     A,R3
   \   000008   F9           MOV     R1,A
   \   000009   E8           MOV     A,R0
   \   00000A   24FF         ADD     A,#-0x1
   \   00000C   1A           DEC     R2
   \   00000D   E9           MOV     A,R1
   \   00000E   34FF         ADDC    A,#-0x1
   \   000010   FB           MOV     R3,A
   \   000011   E8           MOV     A,R0
   \   000012   49           ORL     A,R1
   \   000013   70ED         JNZ     ??Onboard_wait_1
    389          }
   \   000015   02....       LJMP    ?BRET
    390          
    391          /*********************************************************************
    392           * @fn      Onboard_soft_reset
    393           *
    394           * @brief   Effect a soft reset.
    395           *
    396           * @param   none
    397           *
    398           * @return  none
    399           *
    400           *********************************************************************/

   \                                 In  segment NEAR_CODE, align 1, keep-with-next
    401          __near_func void Onboard_soft_reset( void )
   \                     Onboard_soft_reset:
    402          {
   \   000000                ; Saved register size: 0
   \   000000                ; Auto size: 0
    403            HAL_DISABLE_INTERRUPTS();
   \   000000   C2AF         CLR     0xa8.7
    404            // Abort all DMA channels to insure that ongoing operations do not
    405            // interfere with re-configuration.
    406            DMAARM = 0x80 | 0x1F;
   \   000002   75D69F       MOV     0xd6,#-0x61
    407            asm("LJMP 0x0");
   \   000005   020000       LJMP 0x0
    408          }
   \   000008   22           RET
   \   000009                REQUIRE _A_IEN0
   \   000009                REQUIRE DMAARM
    409          
    410          /*********************************************************************
    411           *                    EXTERNAL I/O FUNCTIONS
    412           *
    413           * User defined functions to control external devices. Add your code
    414           * to the following functions to control devices wired to DB outputs.
    415           *
    416           *********************************************************************/
    417          

   \                                 In  segment BANKED_CODE, align 1, keep-with-next
    418          void BigLight_On( void )
   \                     BigLight_On:
    419          {
   \   000000                ; Saved register size: 0
   \   000000                ; Auto size: 0
    420            // Put code here to turn on an external light
    421          }
   \   000000   02....       LJMP    ?BRET
    422          

   \                                 In  segment BANKED_CODE, align 1, keep-with-next
    423          void BigLight_Off( void )
   \                     BigLight_Off:
    424          {
   \   000000                ; Saved register size: 0
   \   000000                ; Auto size: 0
    425            // Put code here to turn off an external light
    426          }
   \   000000   02....       LJMP    ?BRET
    427          

   \                                 In  segment BANKED_CODE, align 1, keep-with-next
    428          void BuzzerControl( uint8 on )
   \                     BuzzerControl:
    429          {
   \   000000                ; Saved register size: 0
   \   000000                ; Auto size: 0
    430            // Put code here to turn a buzzer on/off
    431            (void)on;
    432          }
   \   000000   02....       LJMP    ?BRET
    433          

   \                                 In  segment BANKED_CODE, align 1, keep-with-next
    434          void Dimmer( uint8 lvl )
   \                     Dimmer:
    435          {
   \   000000                ; Saved register size: 0
   \   000000                ; Auto size: 0
    436            // Put code here to control a dimmer
    437            (void)lvl;
    438          }
   \   000000   02....       LJMP    ?BRET
    439          
    440          // No dip switches on this board

   \                                 In  segment BANKED_CODE, align 1, keep-with-next
    441          uint8 GetUserDipSw( void )
   \                     GetUserDipSw:
    442          {
   \   000000                ; Saved register size: 0
   \   000000                ; Auto size: 0
    443            return 0;
   \   000000   7900         MOV     R1,#0x0
   \   000002   02....       LJMP    ?BRET
    444          }
    445          /*********************************************************************
    446           * @fn      restore_factory_setting
    447           *
    448           * @brief   Restore the device to factory settings.
    449           *
    450           * @param   none
    451           *
    452           * @return  none
    453           *
    454           *********************************************************************/

   \                                 In  segment BANKED_CODE, align 1, keep-with-next
    455          void restore_factory_setting( void)
   \                     restore_factory_setting:
    456          {
   \   000000   74F6         MOV     A,#-0xa
   \   000002   12....       LCALL   ?BANKED_ENTER_XDATA
   \   000005                ; Saved register size: 10
   \   000005                ; Auto size: 1
   \   000005   74FF         MOV     A,#-0x1
   \   000007   12....       LCALL   ?ALLOC_XSTACK8
    457            uint8 startOptions;
    458            
    459            NLME_InitNV();
   \   00000A                ; Setup parameters for call to function NLME_InitNV
   \   00000A   12....       LCALL   ??NLME_InitNV?relay
    460            NLME_SetDefaultNV();
   \   00000D                ; Setup parameters for call to function NLME_SetDefaultNV
   \   00000D   12....       LCALL   ??NLME_SetDefaultNV?relay
    461            
    462            zgWriteStartupOptions( ZG_STARTUP_SET,ZCD_STARTOPT_DEFAULT_NETWORK_STATE );
   \   000010                ; Setup parameters for call to function zgWriteStartupOptions
   \   000010   7A02         MOV     R2,#0x2
   \   000012   79FF         MOV     R1,#-0x1
   \   000014   12....       LCALL   ??zgWriteStartupOptions?relay
    463            startOptions = ZCD_STARTOPT_CLEAR_STATE | ZCD_STARTOPT_CLEAR_CONFIG;
   \   000017   85..82       MOV     DPL,?XSP + 0
   \   00001A   85..83       MOV     DPH,?XSP + 1
   \   00001D   7403         MOV     A,#0x3
   \   00001F   F0           MOVX    @DPTR,A
    464            osal_nv_write(ZCD_NV_STARTUP_OPTION, 0, sizeof(uint8),&startOptions);
   \   000020                ; Setup parameters for call to function osal_nv_write
   \   000020   8582..       MOV     ?V0 + 0,DPL
   \   000023   8583..       MOV     ?V0 + 1,DPH
   \   000026   78..         MOV     R0,#?V0 + 0
   \   000028   12....       LCALL   ?PUSH_XSTACK_I_TWO
   \   00002B   75..01       MOV     ?V0 + 0,#0x1
   \   00002E   75..00       MOV     ?V0 + 1,#0x0
   \   000031   78..         MOV     R0,#?V0 + 0
   \   000033   12....       LCALL   ?PUSH_XSTACK_I_TWO
   \   000036   7C00         MOV     R4,#0x0
   \   000038   7D00         MOV     R5,#0x0
   \   00003A   7A03         MOV     R2,#0x3
   \   00003C   7B00         MOV     R3,#0x0
   \   00003E   12....       LCALL   ??osal_nv_write?relay
   \   000041   7404         MOV     A,#0x4
   \   000043   12....       LCALL   ?DEALLOC_XSTACK8
    465          
    466            SystemReset();
   \   000046   C2AF         CLR     0xa8.7
   \   000048   C2AF         CLR     0xa8.7
   \   00004A   75C9AB       MOV     0xc9,#-0x55
   \   00004D   75C95B       MOV     0xc9,#0x5b
   \                     ??restore_factory_setting_0:
   \   000050   80FE         SJMP    ??restore_factory_setting_0
   \   000052                REQUIRE _A_IEN0
   \   000052                REQUIRE WDCTL
    467          }

   \                                 In  segment XDATA_ID, align 1, keep-with-next
   \                     `?<Initializer for registeredKeysTaskID>`:
   \   000000   FF           DB 255

   \                                 In  segment BANK_RELAYS, align 1
   \                     ??InitBoard?relay:
   \   000000   12....       LCALL   ?BDISPATCH
   \   000003   ......       DC24    InitBoard

   \                                 In  segment BANK_RELAYS, align 1
   \                     ??RegisterForKeys?relay:
   \   000000   12....       LCALL   ?BDISPATCH
   \   000003   ......       DC24    RegisterForKeys

   \                                 In  segment BANK_RELAYS, align 1
   \                     ??OnBoard_SendKeys?relay:
   \   000000   12....       LCALL   ?BDISPATCH
   \   000003   ......       DC24    OnBoard_SendKeys

   \                                 In  segment BANK_RELAYS, align 1
   \                     ??OnBoard_KeyCallback?relay:
   \   000000   12....       LCALL   ?BDISPATCH
   \   000003   ......       DC24    OnBoard_KeyCallback

   \                                 In  segment BANK_RELAYS, align 1
   \                     ??OnBoard_stack_used?relay:
   \   000000   12....       LCALL   ?BDISPATCH
   \   000003   ......       DC24    OnBoard_stack_used

   \                                 In  segment BANK_RELAYS, align 1
   \                     ??_itoa?relay:
   \   000000   12....       LCALL   ?BDISPATCH
   \   000003   ......       DC24    _itoa

   \                                 In  segment BANK_RELAYS, align 1
   \                     ??Onboard_rand?relay:
   \   000000   12....       LCALL   ?BDISPATCH
   \   000003   ......       DC24    Onboard_rand

   \                                 In  segment BANK_RELAYS, align 1
   \                     ??Onboard_wait?relay:
   \   000000   12....       LCALL   ?BDISPATCH
   \   000003   ......       DC24    Onboard_wait

   \                                 In  segment BANK_RELAYS, align 1
   \                     ??BigLight_On?relay:
   \   000000   12....       LCALL   ?BDISPATCH
   \   000003   ......       DC24    BigLight_On

   \                                 In  segment BANK_RELAYS, align 1
   \                     ??BigLight_Off?relay:
   \   000000   12....       LCALL   ?BDISPATCH
   \   000003   ......       DC24    BigLight_Off

   \                                 In  segment BANK_RELAYS, align 1
   \                     ??BuzzerControl?relay:
   \   000000   12....       LCALL   ?BDISPATCH
   \   000003   ......       DC24    BuzzerControl

   \                                 In  segment BANK_RELAYS, align 1
   \                     ??Dimmer?relay:
   \   000000   12....       LCALL   ?BDISPATCH
   \   000003   ......       DC24    Dimmer

   \                                 In  segment BANK_RELAYS, align 1
   \                     ??GetUserDipSw?relay:
   \   000000   12....       LCALL   ?BDISPATCH
   \   000003   ......       DC24    GetUserDipSw

   \                                 In  segment BANK_RELAYS, align 1
   \                     ??restore_factory_setting?relay:
   \   000000   12....       LCALL   ?BDISPATCH
   \   000003   ......       DC24    restore_factory_setting
    468          /*********************************************************************
    469          *********************************************************************/

   Maximum stack usage in bytes:

     Function                   ISTACK PSTACK XSTACK
     --------                   ------ ------ ------
     BigLight_Off                   0      0      0
     BigLight_On                    0      0      0
     BuzzerControl                  0      0      0
     Dimmer                         0      0      0
     GetUserDipSw                   0      0      0
     InitBoard                      0      0      9
       -> osal_int_disable          0      0     18
       -> halAssertHandler          0      0     18
       -> HalKeyConfig              0      0     18
     OnBoard_KeyCallback            0      0      9
       -> OnBoard_SendKeys          0      0     18
     OnBoard_SendKeys               1      0     19
       -> osal_msg_allocate         0      0     20
       -> osal_msg_send             0      0     20
     OnBoard_stack_used             2      0      0
     Onboard_rand                   2      0      0
       -> macMcuRandomWord          4      0      0
     Onboard_soft_reset             0      0      0
     Onboard_wait                   0      0      0
     RegisterForKeys                2      0      0
     _itoa                          1      0     19
     restore_factory_setting        0      0     15
       -> NLME_InitNV               0      0     22
       -> NLME_SetDefaultNV         0      0     22
       -> zgWriteStartupOptions     0      0     22
       -> osal_nv_write             0      0     30


   Segment part sizes:

     Function/Label                          Bytes
     --------------                          -----
     SLEEPSTA                                   1
     _A_IEN0                                    1
     WDCTL                                      1
     DMAARM                                     1
     _lockBits                                 16
     _nvIEEE                                    8
     _reserved                               1932
     aExtendedAddress                           8
     registeredKeysTaskID                       1
     InitBoard                                 49
     ?Subroutine0                               5
     RegisterForKeys                           21
     ?Subroutine1                               7
     OnBoard_SendKeys                          66
     OnBoard_KeyCallback                       16
     OnBoard_stack_used                        85
     _itoa                                    149
     Onboard_rand                              10
     Onboard_wait                              24
     Onboard_soft_reset                         9
     BigLight_On                                3
     BigLight_Off                               3
     BuzzerControl                              3
     Dimmer                                     3
     GetUserDipSw                               5
     restore_factory_setting                   82
     ?<Initializer for registeredKeysTaskID>    1
     ??InitBoard?relay                          6
     ??RegisterForKeys?relay                    6
     ??OnBoard_SendKeys?relay                   6
     ??OnBoard_KeyCallback?relay                6
     ??OnBoard_stack_used?relay                 6
     ??_itoa?relay                              6
     ??Onboard_rand?relay                       6
     ??Onboard_wait?relay                       6
     ??BigLight_On?relay                        6
     ??BigLight_Off?relay                       6
     ??BuzzerControl?relay                      6
     ??Dimmer?relay                             6
     ??GetUserDipSw?relay                       6
     ??restore_factory_setting?relay            6

 
   531 bytes in segment BANKED_CODE
    84 bytes in segment BANK_RELAYS
     8 bytes in segment IEEE_ADDRESS_SPACE
    16 bytes in segment LOCK_BITS_ADDRESS_SPACE
     9 bytes in segment NEAR_CODE
 1 932 bytes in segment RESERVED_ADDRESS_SPACE
     4 bytes in segment SFR_AN
     1 byte  in segment XDATA_I
     1 byte  in segment XDATA_ID
     8 bytes in segment XDATA_Z
 
   625 bytes of CODE  memory
     0 bytes of DATA  memory (+ 4 bytes shared)
 1 965 bytes of XDATA memory

Errors: none
Warnings: none
